<?xml version="1.0" encoding="utf-8"?>
<TestRun id="08bc549b-5f2c-4b9f-9916-b40501946c56" name="PeterBardenhagen@PB-LEGION 2026-04-23 11:49:42" runUser="AzureAD\PeterBardenhagen" xmlns="http://microsoft.com/schemas/VisualStudio/TeamTest/2010">
  <Times creation="2026-04-23T11:49:42.8445455+10:00" queuing="2026-04-23T11:49:42.8445459+10:00" start="2026-04-23T11:49:34.9995050+10:00" finish="2026-04-23T11:58:23.6761394+10:00" />
  <TestSettings name="default" id="91b337d3-dfef-41ef-8657-c02f5a627779">
    <Deployment runDeploymentRoot="PeterBardenhagen_PB-LEGION_2026-04-23_11_49_42" />
  </TestSettings>
  <Results>
    <UnitTestResult executionId="c04753f0-792d-4033-a6a2-3cf75e331235" testId="a2ddf2cf-faab-b763-cac6-0796e8210c73" testName="PurchaseOrders_List_Page_Loads" computerName="PB-LEGION" duration="00:00:06.5182290" startTime="2026-04-23T11:57:27.1761499+10:00" endTime="2026-04-23T11:57:33.6943783+10:00" testType="13cdc9d9-ddb5-4fa4-a97d-d965ccfc6d4b" outcome="Failed" testListId="8c84fa94-04c1-424b-9868-57a2d4851a1d" relativeResultsDirectory="c04753f0-792d-4033-a6a2-3cf75e331235">
      <Output>
        <ErrorInfo>
          <Message>  Expected: String containing "Purchase Order" or String containing "Purchase Orders" or String containing "PO"&#xD;
  But was:  &lt;string.Empty&gt;&#xD;
</Message>
          <StackTrace>   at MyDesk.PlaywrightTests.Tests.PurchaseOrdersTests.PurchaseOrders_List_Page_Loads() in C:\Development\Techlight-Projects\Techlight.digitalresponse.com.au\tests\MyDesk.PlaywrightTests\Tests\PurchaseOrdersTests.cs:line 21&#xD;
   at NUnit.Framework.Internal.TaskAwaitAdapter.GenericAdapter`1.BlockUntilCompleted()&#xD;
   at NUnit.Framework.Internal.MessagePumpStrategy.NoMessagePumpStrategy.WaitForCompletion(AwaitAdapter awaiter)&#xD;
   at NUnit.Framework.Internal.AsyncToSyncAdapter.Await(Func`1 invoke)&#xD;
   at NUnit.Framework.Internal.Commands.TestMethodCommand.RunTestMethod(TestExecutionContext context)&#xD;
   at NUnit.Framework.Internal.Commands.TestMethodCommand.Execute(TestExecutionContext context)&#xD;
   at NUnit.Framework.Internal.Commands.BeforeAndAfterTestCommand.&lt;&gt;c__DisplayClass1_0.&lt;Execute&gt;b__0()&#xD;
   at NUnit.Framework.Internal.Commands.DelegatingTestCommand.RunTestMethodInThreadAbortSafeZone(TestExecutionContext context, Action action)&#xD;

1)    at MyDesk.PlaywrightTests.Tests.PurchaseOrdersTests.PurchaseOrders_List_Page_Loads() in C:\Development\Techlight-Projects\Techlight.digitalresponse.com.au\tests\MyDesk.PlaywrightTests\Tests\PurchaseOrdersTests.cs:line 21&#xD;

</StackTrace>
        </ErrorInfo>
      </Output>
    </UnitTestResult>
    <UnitTestResult executionId="ae0d2154-6b3e-44c7-94da-6e9b00870eeb" testId="99dace4a-bc2e-8ea4-e1b7-f7bb6dc0e8a4" testName="AskAI_Help_Suggestions_Visible" computerName="PB-LEGION" duration="00:00:06.7587120" startTime="2026-04-23T11:50:15.8217148+10:00" endTime="2026-04-23T11:50:22.5804260+10:00" testType="13cdc9d9-ddb5-4fa4-a97d-d965ccfc6d4b" outcome="NotExecuted" testListId="8c84fa94-04c1-424b-9868-57a2d4851a1d" relativeResultsDirectory="ae0d2154-6b3e-44c7-94da-6e9b00870eeb">
      <Output>
        <StdOut>No suggestions or help text visible - may be minimal UI design</StdOut>
        <ErrorInfo>
          <Message>No suggestions or help text visible - may be minimal UI design</Message>
        </ErrorInfo>
      </Output>
    </UnitTestResult>
    <UnitTestResult executionId="91a859d0-7fe6-45ed-b030-2d360da7681f" testId="18445d6d-0527-9258-be2b-f01e83de6079" testName="PurchaseOrder_Approval_Status_Visible" computerName="PB-LEGION" duration="00:00:06.5634010" startTime="2026-04-23T11:57:14.0702547+10:00" endTime="2026-04-23T11:57:20.6336551+10:00" testType="13cdc9d9-ddb5-4fa4-a97d-d965ccfc6d4b" outcome="NotExecuted" testListId="8c84fa94-04c1-424b-9868-57a2d4851a1d" relativeResultsDirectory="91a859d0-7fe6-45ed-b030-2d360da7681f">
      <Output>
        <StdOut>No approval status indicators visible - may need data</StdOut>
        <ErrorInfo>
          <Message>No approval status indicators visible - may need data</Message>
        </ErrorInfo>
      </Output>
    </UnitTestResult>
    <UnitTestResult executionId="e1a39898-0330-4080-be8f-be58da685dd1" testId="7d21b0bd-75d9-dda6-6e45-7717c8946739" testName="AskAI_Page_Loads" computerName="PB-LEGION" duration="00:00:06.5445399" startTime="2026-04-23T11:50:36.9960594+10:00" endTime="2026-04-23T11:50:43.5405979+10:00" testType="13cdc9d9-ddb5-4fa4-a97d-d965ccfc6d4b" outcome="Failed" testListId="8c84fa94-04c1-424b-9868-57a2d4851a1d" relativeResultsDirectory="e1a39898-0330-4080-be8f-be58da685dd1">
      <Output>
        <ErrorInfo>
          <Message>  Expected: String containing "Ask AI" or String containing "AI Assistant" or String containing "AI"&#xD;
  But was:  &lt;string.Empty&gt;&#xD;
</Message>
          <StackTrace>   at MyDesk.PlaywrightTests.Tests.AskAITests.AskAI_Page_Loads() in C:\Development\Techlight-Projects\Techlight.digitalresponse.com.au\tests\MyDesk.PlaywrightTests\Tests\AskAITests.cs:line 21&#xD;
   at NUnit.Framework.Internal.TaskAwaitAdapter.GenericAdapter`1.BlockUntilCompleted()&#xD;
   at NUnit.Framework.Internal.MessagePumpStrategy.NoMessagePumpStrategy.WaitForCompletion(AwaitAdapter awaiter)&#xD;
   at NUnit.Framework.Internal.AsyncToSyncAdapter.Await(Func`1 invoke)&#xD;
   at NUnit.Framework.Internal.Commands.TestMethodCommand.RunTestMethod(TestExecutionContext context)&#xD;
   at NUnit.Framework.Internal.Commands.TestMethodCommand.Execute(TestExecutionContext context)&#xD;
   at NUnit.Framework.Internal.Commands.BeforeAndAfterTestCommand.&lt;&gt;c__DisplayClass1_0.&lt;Execute&gt;b__0()&#xD;
   at NUnit.Framework.Internal.Commands.DelegatingTestCommand.RunTestMethodInThreadAbortSafeZone(TestExecutionContext context, Action action)&#xD;

1)    at MyDesk.PlaywrightTests.Tests.AskAITests.AskAI_Page_Loads() in C:\Development\Techlight-Projects\Techlight.digitalresponse.com.au\tests\MyDesk.PlaywrightTests\Tests\AskAITests.cs:line 21&#xD;

</StackTrace>
        </ErrorInfo>
      </Output>
    </UnitTestResult>
    <UnitTestResult executionId="e19d4d2c-db24-47bb-9798-b283899bd563" testId="6e6bc5ba-cb86-b6ab-251c-88af5017bf49" testName="Quote_Filter_Works" computerName="PB-LEGION" duration="00:00:06.3189970" startTime="2026-04-23T11:58:02.7948988+10:00" endTime="2026-04-23T11:58:09.1138951+10:00" testType="13cdc9d9-ddb5-4fa4-a97d-d965ccfc6d4b" outcome="NotExecuted" testListId="8c84fa94-04c1-424b-9868-57a2d4851a1d" relativeResultsDirectory="e19d4d2c-db24-47bb-9798-b283899bd563">
      <Output>
        <StdOut>Search/filter input not found</StdOut>
        <ErrorInfo>
          <Message>Search/filter input not found</Message>
        </ErrorInfo>
      </Output>
    </UnitTestResult>
    <UnitTestResult executionId="11cb69d9-7481-4dcd-9171-bdfb2a3880e7" testId="d736c767-e561-e5f7-e968-48ee878e0801" testName="AskAI_Input_Accepts_Text" computerName="PB-LEGION" duration="00:00:06.5394000" startTime="2026-04-23T11:50:22.5804589+10:00" endTime="2026-04-23T11:50:29.1198581+10:00" testType="13cdc9d9-ddb5-4fa4-a97d-d965ccfc6d4b" outcome="NotExecuted" testListId="8c84fa94-04c1-424b-9868-57a2d4851a1d" relativeResultsDirectory="11cb69d9-7481-4dcd-9171-bdfb2a3880e7">
      <Output>
        <StdOut>Input field not found</StdOut>
        <ErrorInfo>
          <Message>Input field not found</Message>
        </ErrorInfo>
      </Output>
    </UnitTestResult>
    <UnitTestResult executionId="5bf8025e-ebe9-4d8b-8566-0efca2e23cae" testId="db841104-3610-8139-5098-322e37a45921" testName="Complete_Purchase_Order_Workflow" computerName="PB-LEGION" duration="00:00:06.5618890" startTime="2026-04-23T11:52:22.5550275+10:00" endTime="2026-04-23T11:52:29.1169161+10:00" testType="13cdc9d9-ddb5-4fa4-a97d-d965ccfc6d4b" outcome="Passed" testListId="8c84fa94-04c1-424b-9868-57a2d4851a1d" relativeResultsDirectory="5bf8025e-ebe9-4d8b-8566-0efca2e23cae">
      <Output>
        <StdOut>=== Starting Purchase Order Workflow Test ===&#xD;
Step 1: Creating new purchase order...&#xD;
Screenshot saved: C:\Development\Techlight-Projects\Techlight.digitalresponse.com.au\tests\MyDesk.PlaywrightTests\bin\Debug\net8.0\screenshots\E2E_PO_Created_20260423_115228.png&#xD;
Purchase Order created successfully&#xD;
=== Purchase Order Workflow Test Complete ===</StdOut>
      </Output>
    </UnitTestResult>
    <UnitTestResult executionId="88969498-3660-475b-817f-a37bdd152b4f" testId="b30956f9-a77c-d2cc-7d14-4515e9cd98c3" testName="Login_Page_Has_Privacy_Policy_Link" computerName="PB-LEGION" duration="00:00:05.5013310" startTime="2026-04-23T11:53:42.7236855+10:00" endTime="2026-04-23T11:53:48.2250167+10:00" testType="13cdc9d9-ddb5-4fa4-a97d-d965ccfc6d4b" outcome="Failed" testListId="8c84fa94-04c1-424b-9868-57a2d4851a1d" relativeResultsDirectory="88969498-3660-475b-817f-a37bdd152b4f">
      <Output>
        <ErrorInfo>
          <Message>  Privacy Policy link should exist&#xD;
  Expected: not null&#xD;
  But was:  null&#xD;
</Message>
          <StackTrace>   at MyDesk.PlaywrightTests.Tests.LoginTests.Login_Page_Has_Privacy_Policy_Link() in C:\Development\Techlight-Projects\Techlight.digitalresponse.com.au\tests\MyDesk.PlaywrightTests\Tests\LoginTests.cs:line 51&#xD;
   at NUnit.Framework.Internal.TaskAwaitAdapter.GenericAdapter`1.BlockUntilCompleted()&#xD;
   at NUnit.Framework.Internal.MessagePumpStrategy.NoMessagePumpStrategy.WaitForCompletion(AwaitAdapter awaiter)&#xD;
   at NUnit.Framework.Internal.AsyncToSyncAdapter.Await(Func`1 invoke)&#xD;
   at NUnit.Framework.Internal.Commands.TestMethodCommand.RunTestMethod(TestExecutionContext context)&#xD;
   at NUnit.Framework.Internal.Commands.TestMethodCommand.Execute(TestExecutionContext context)&#xD;
   at NUnit.Framework.Internal.Commands.BeforeAndAfterTestCommand.&lt;&gt;c__DisplayClass1_0.&lt;Execute&gt;b__0()&#xD;
   at NUnit.Framework.Internal.Commands.DelegatingTestCommand.RunTestMethodInThreadAbortSafeZone(TestExecutionContext context, Action action)&#xD;

1)    at MyDesk.PlaywrightTests.Tests.LoginTests.Login_Page_Has_Privacy_Policy_Link() in C:\Development\Techlight-Projects\Techlight.digitalresponse.com.au\tests\MyDesk.PlaywrightTests\Tests\LoginTests.cs:line 51&#xD;

</StackTrace>
        </ErrorInfo>
      </Output>
    </UnitTestResult>
    <UnitTestResult executionId="c2aa4ac7-9f30-4f65-8c12-c733ada17909" testId="11eb00a7-cea2-2cc4-401d-13b0cb61265f" testName="Invoices_List_Page_Loads" computerName="PB-LEGION" duration="00:00:06.5204250" startTime="2026-04-23T11:53:15.7366704+10:00" endTime="2026-04-23T11:53:22.2570945+10:00" testType="13cdc9d9-ddb5-4fa4-a97d-d965ccfc6d4b" outcome="Failed" testListId="8c84fa94-04c1-424b-9868-57a2d4851a1d" relativeResultsDirectory="c2aa4ac7-9f30-4f65-8c12-c733ada17909">
      <Output>
        <ErrorInfo>
          <Message>  Expected: String containing "Invoice" or String containing "Invoices"&#xD;
  But was:  &lt;string.Empty&gt;&#xD;
</Message>
          <StackTrace>   at MyDesk.PlaywrightTests.Tests.InvoicesTests.Invoices_List_Page_Loads() in C:\Development\Techlight-Projects\Techlight.digitalresponse.com.au\tests\MyDesk.PlaywrightTests\Tests\InvoicesTests.cs:line 21&#xD;
   at NUnit.Framework.Internal.TaskAwaitAdapter.GenericAdapter`1.BlockUntilCompleted()&#xD;
   at NUnit.Framework.Internal.MessagePumpStrategy.NoMessagePumpStrategy.WaitForCompletion(AwaitAdapter awaiter)&#xD;
   at NUnit.Framework.Internal.AsyncToSyncAdapter.Await(Func`1 invoke)&#xD;
   at NUnit.Framework.Internal.Commands.TestMethodCommand.RunTestMethod(TestExecutionContext context)&#xD;
   at NUnit.Framework.Internal.Commands.TestMethodCommand.Execute(TestExecutionContext context)&#xD;
   at NUnit.Framework.Internal.Commands.BeforeAndAfterTestCommand.&lt;&gt;c__DisplayClass1_0.&lt;Execute&gt;b__0()&#xD;
   at NUnit.Framework.Internal.Commands.DelegatingTestCommand.RunTestMethodInThreadAbortSafeZone(TestExecutionContext context, Action action)&#xD;

1)    at MyDesk.PlaywrightTests.Tests.InvoicesTests.Invoices_List_Page_Loads() in C:\Development\Techlight-Projects\Techlight.digitalresponse.com.au\tests\MyDesk.PlaywrightTests\Tests\InvoicesTests.cs:line 21&#xD;

</StackTrace>
        </ErrorInfo>
      </Output>
    </UnitTestResult>
    <UnitTestResult executionId="b2e9a77c-599a-45c0-8efb-592164576051" testId="16e3c0f0-919b-eaed-b3a6-bdf221e17143" testName="AskAI_Navigation_From_Header" computerName="PB-LEGION" duration="00:00:07.8761090" startTime="2026-04-23T11:50:29.1199134+10:00" endTime="2026-04-23T11:50:36.9960219+10:00" testType="13cdc9d9-ddb5-4fa4-a97d-d965ccfc6d4b" outcome="NotExecuted" testListId="8c84fa94-04c1-424b-9868-57a2d4851a1d" relativeResultsDirectory="b2e9a77c-599a-45c0-8efb-592164576051">
      <Output>
        <StdOut>Ask AI link not found in header - navigating directly</StdOut>
        <ErrorInfo>
          <Message>Ask AI link not found in header - navigating directly</Message>
        </ErrorInfo>
      </Output>
    </UnitTestResult>
    <UnitTestResult executionId="126bed97-df88-4ef1-9ce9-b1b5116b7933" testId="3a4d9d90-214c-239c-c044-a736870fda8b" testName="Navigation_To_Products_Works" computerName="PB-LEGION" duration="00:00:06.6105770" startTime="2026-04-23T11:55:24.7064846+10:00" endTime="2026-04-23T11:55:31.3170606+10:00" testType="13cdc9d9-ddb5-4fa4-a97d-d965ccfc6d4b" outcome="Failed" testListId="8c84fa94-04c1-424b-9868-57a2d4851a1d" relativeResultsDirectory="126bed97-df88-4ef1-9ce9-b1b5116b7933">
      <Output>
        <ErrorInfo>
          <Message>  Product list should be visible&#xD;
  Expected: not null&#xD;
  But was:  null&#xD;
</Message>
          <StackTrace>   at MyDesk.PlaywrightTests.Tests.NavigationTests.Navigation_To_Products_Works() in C:\Development\Techlight-Projects\Techlight.digitalresponse.com.au\tests\MyDesk.PlaywrightTests\Tests\NavigationTests.cs:line 126&#xD;
   at NUnit.Framework.Internal.TaskAwaitAdapter.GenericAdapter`1.BlockUntilCompleted()&#xD;
   at NUnit.Framework.Internal.MessagePumpStrategy.NoMessagePumpStrategy.WaitForCompletion(AwaitAdapter awaiter)&#xD;
   at NUnit.Framework.Internal.AsyncToSyncAdapter.Await(Func`1 invoke)&#xD;
   at NUnit.Framework.Internal.Commands.TestMethodCommand.RunTestMethod(TestExecutionContext context)&#xD;
   at NUnit.Framework.Internal.Commands.TestMethodCommand.Execute(TestExecutionContext context)&#xD;
   at NUnit.Framework.Internal.Commands.BeforeAndAfterTestCommand.&lt;&gt;c__DisplayClass1_0.&lt;Execute&gt;b__0()&#xD;
   at NUnit.Framework.Internal.Commands.DelegatingTestCommand.RunTestMethodInThreadAbortSafeZone(TestExecutionContext context, Action action)&#xD;

1)    at MyDesk.PlaywrightTests.Tests.NavigationTests.Navigation_To_Products_Works() in C:\Development\Techlight-Projects\Techlight.digitalresponse.com.au\tests\MyDesk.PlaywrightTests\Tests\NavigationTests.cs:line 126&#xD;

</StackTrace>
        </ErrorInfo>
      </Output>
    </UnitTestResult>
    <UnitTestResult executionId="1c131e5b-199d-4c40-83ef-2748aa88495f" testId="ca4f7452-c725-0474-2715-2f870f5f14dd" testName="Invoice_Details_Page_Loads" computerName="PB-LEGION" duration="00:00:06.5336830" startTime="2026-04-23T11:52:49.4848236+10:00" endTime="2026-04-23T11:52:56.0185058+10:00" testType="13cdc9d9-ddb5-4fa4-a97d-d965ccfc6d4b" outcome="NotExecuted" testListId="8c84fa94-04c1-424b-9868-57a2d4851a1d" relativeResultsDirectory="1c131e5b-199d-4c40-83ef-2748aa88495f">
      <Output>
        <StdOut>No invoices available to view details</StdOut>
        <ErrorInfo>
          <Message>No invoices available to view details</Message>
        </ErrorInfo>
      </Output>
    </UnitTestResult>
    <UnitTestResult executionId="2825e46c-7d69-4757-9486-2fc0bbb1b630" testId="48fc131a-b7df-a675-1bd3-c314639b9f33" testName="Navigation_To_Reports_Works" computerName="PB-LEGION" duration="00:00:06.5270730" startTime="2026-04-23T11:55:37.9183094+10:00" endTime="2026-04-23T11:55:44.4453818+10:00" testType="13cdc9d9-ddb5-4fa4-a97d-d965ccfc6d4b" outcome="Failed" testListId="8c84fa94-04c1-424b-9868-57a2d4851a1d" relativeResultsDirectory="2825e46c-7d69-4757-9486-2fc0bbb1b630">
      <Output>
        <ErrorInfo>
          <Message>  Reports content should be visible&#xD;
  Expected: not null&#xD;
  But was:  null&#xD;
</Message>
          <StackTrace>   at MyDesk.PlaywrightTests.Tests.NavigationTests.Navigation_To_Reports_Works() in C:\Development\Techlight-Projects\Techlight.digitalresponse.com.au\tests\MyDesk.PlaywrightTests\Tests\NavigationTests.cs:line 140&#xD;
   at NUnit.Framework.Internal.TaskAwaitAdapter.GenericAdapter`1.BlockUntilCompleted()&#xD;
   at NUnit.Framework.Internal.MessagePumpStrategy.NoMessagePumpStrategy.WaitForCompletion(AwaitAdapter awaiter)&#xD;
   at NUnit.Framework.Internal.AsyncToSyncAdapter.Await(Func`1 invoke)&#xD;
   at NUnit.Framework.Internal.Commands.TestMethodCommand.RunTestMethod(TestExecutionContext context)&#xD;
   at NUnit.Framework.Internal.Commands.TestMethodCommand.Execute(TestExecutionContext context)&#xD;
   at NUnit.Framework.Internal.Commands.BeforeAndAfterTestCommand.&lt;&gt;c__DisplayClass1_0.&lt;Execute&gt;b__0()&#xD;
   at NUnit.Framework.Internal.Commands.DelegatingTestCommand.RunTestMethodInThreadAbortSafeZone(TestExecutionContext context, Action action)&#xD;

1)    at MyDesk.PlaywrightTests.Tests.NavigationTests.Navigation_To_Reports_Works() in C:\Development\Techlight-Projects\Techlight.digitalresponse.com.au\tests\MyDesk.PlaywrightTests\Tests\NavigationTests.cs:line 140&#xD;

</StackTrace>
        </ErrorInfo>
      </Output>
    </UnitTestResult>
    <UnitTestResult executionId="af843720-a241-4c64-981b-9ede619f26a9" testId="20b9d758-c5df-a1cb-f1c1-4e0968d1ff0c" testName="Create_Company_Page_Loads" computerName="PB-LEGION" duration="00:00:06.5453420" startTime="2026-04-23T11:51:03.2670076+10:00" endTime="2026-04-23T11:51:09.8123504+10:00" testType="13cdc9d9-ddb5-4fa4-a97d-d965ccfc6d4b" outcome="Failed" testListId="8c84fa94-04c1-424b-9868-57a2d4851a1d" relativeResultsDirectory="af843720-a241-4c64-981b-9ede619f26a9">
      <Output>
        <ErrorInfo>
          <Message>  Expected: String containing "New Company" or String containing "Create Company" or String containing "Company"&#xD;
  But was:  &lt;string.Empty&gt;&#xD;
</Message>
          <StackTrace>   at MyDesk.PlaywrightTests.Tests.CompaniesTests.Create_Company_Page_Loads() in C:\Development\Techlight-Projects\Techlight.digitalresponse.com.au\tests\MyDesk.PlaywrightTests\Tests\CompaniesTests.cs:line 36&#xD;
   at NUnit.Framework.Internal.TaskAwaitAdapter.GenericAdapter`1.BlockUntilCompleted()&#xD;
   at NUnit.Framework.Internal.MessagePumpStrategy.NoMessagePumpStrategy.WaitForCompletion(AwaitAdapter awaiter)&#xD;
   at NUnit.Framework.Internal.AsyncToSyncAdapter.Await(Func`1 invoke)&#xD;
   at NUnit.Framework.Internal.Commands.TestMethodCommand.RunTestMethod(TestExecutionContext context)&#xD;
   at NUnit.Framework.Internal.Commands.TestMethodCommand.Execute(TestExecutionContext context)&#xD;
   at NUnit.Framework.Internal.Commands.BeforeAndAfterTestCommand.&lt;&gt;c__DisplayClass1_0.&lt;Execute&gt;b__0()&#xD;
   at NUnit.Framework.Internal.Commands.DelegatingTestCommand.RunTestMethodInThreadAbortSafeZone(TestExecutionContext context, Action action)&#xD;

1)    at MyDesk.PlaywrightTests.Tests.CompaniesTests.Create_Company_Page_Loads() in C:\Development\Techlight-Projects\Techlight.digitalresponse.com.au\tests\MyDesk.PlaywrightTests\Tests\CompaniesTests.cs:line 36&#xD;

</StackTrace>
        </ErrorInfo>
      </Output>
    </UnitTestResult>
    <UnitTestResult executionId="6b266e66-eedc-4d8b-b9b9-bed14918aa6a" testId="e6682ff3-5991-8532-c1c8-f52b5a564220" testName="Login_Page_Shows_Digital_Response_Copyright" computerName="PB-LEGION" duration="00:00:06.0717430" startTime="2026-04-23T11:53:59.0020402+10:00" endTime="2026-04-23T11:54:05.0737830+10:00" testType="13cdc9d9-ddb5-4fa4-a97d-d965ccfc6d4b" outcome="Failed" testListId="8c84fa94-04c1-424b-9868-57a2d4851a1d" relativeResultsDirectory="6b266e66-eedc-4d8b-b9b9-bed14918aa6a">
      <Output>
        <ErrorInfo>
          <Message>  Should have Privacy Policy link&#xD;
  Expected: String containing "Privacy Policy"&#xD;
  But was:  "&lt;!DOCTYPE html&gt;&lt;html lang="en"&gt;&lt;head&gt;&lt;meta charset="utf-8"&gt;&#xD;
    &lt;meta name="viewport" content="width=device-width, initial-scale=1.0"&gt;&#xD;
    &lt;meta name="theme-color" content="#08121a"&gt;&#xD;
    &lt;meta name="description" content="Techlight MyDesk — Quotes, Invoices, Purchase Orders &amp;amp; CRM"&gt;&#xD;
    &#xD;
    &lt;meta name="robots" content="noindex, nofollow, noarchive, nosnippet, noimageindex"&gt;&#xD;
    &lt;meta name="googlebot" content="noindex, nofollow, noarchive, nosnippet, noimageindex"&gt;&#xD;
    &lt;meta name="bingbot" content="noindex, nofollow, noarchive"&gt;&#xD;
    &lt;meta name="slurp" content="noindex, nofollow"&gt;&#xD;
    &lt;meta name="duckduckbot" content="noindex, nofollow"&gt;&#xD;
    &#xD;
    &lt;meta name="GPTBot" content="noindex, nofollow"&gt;&#xD;
    &lt;meta name="ChatGPT-User" content="noindex, nofollow"&gt;&#xD;
    &lt;meta name="ClaudeBot" content="noindex, nofollow"&gt;&#xD;
    &lt;meta name="CCBot" content="noindex, nofollow"&gt;&#xD;
    &lt;meta name="PerplexityBot" content="noindex, nofollow"&gt;&#xD;
    &#xD;
    &lt;base href="/"&gt;&#xD;
    &lt;link rel="icon" type="image/svg+xml" href="/favicon.svg"&gt;&#xD;
    &lt;link rel="alternate icon" type="image/png" sizes="32x32" href="/favicon.png"&gt;&#xD;
    &lt;link rel="mask-icon" href="/images/techlight-mark.svg" color="#00c8c8"&gt;&#xD;
    &lt;link rel="apple-touch-icon" sizes="180x180" href="/apple-touch-icon.png"&gt;&#xD;
    &lt;link rel="preconnect" href="https://fonts.googleapis.com"&gt;&#xD;
    &lt;link rel="preconnect" href="https://fonts.gstatic.com" crossorigin=""&gt;&#xD;
    &lt;link href="https://fonts.googleapis.com/css2?family=Inter:wght@300;400;500;600;700;800&amp;amp;display=swap" rel="stylesheet"&gt;&#xD;
    &lt;link href="_content/MudBlazor/MudBlazor.min.css" rel="stylesheet"&gt;&#xD;
    &lt;link href="css/app.css" rel="stylesheet"&gt;&#xD;
    &lt;!--!--&gt;&lt;!--!--&gt;&lt;!--!--&gt;&lt;title&gt;Login - MyDesk&lt;/title&gt;&lt;!--!--&gt;&lt;!--!--&gt;&lt;!--!--&gt;&lt;/head&gt;&#xD;
&lt;body&gt;&lt;!--!--&gt;&lt;!--!--&gt;&lt;!--!--&gt;&lt;style&gt;&#xD;
::-webkit-scrollbar {width: 8px;height: 8px;z-index: 1;}&#xD;
::-webkit-scrollbar-track {background: transparent;}&#xD;
::-webkit-scrollbar-thumb {background: #c4c4c4;border-radius: 1px;}&#xD;
::-webkit-scrollbar-thumb:hover {background: #a6a6a6;}&#xD;
html, body * {scrollbar-color: #c4c4c4 transparent;scrollbar-width: thin;}&#xD;
&lt;/style&gt;&#xD;
&lt;!--!--&gt;&lt;style&gt;&#xD;
    .mud-chart-serie:hover {&#xD;
        filter: url(#lighten);&#xD;
    }&#xD;
&lt;/style&gt;&#xD;
&#xD;
&lt;!--!--&gt;&lt;style&gt;&#xD;
:root{&#xD;
--mud-palette-black: rgba(39,44,52,1);&#xD;
--mud-palette-white: rgba(255,255,255,1);&#xD;
--mud-palette-primary: rgba(0,168,176,1);&#xD;
--mud-palette-primary-rgb: 0,168,176;&#xD;
--mud-palette-primary-text: rgba(255,255,255,1);&#xD;
--mud-palette-primary-darken: rgb(0,139,139);&#xD;
--mud-palette-primary-lighten: rgb(77,221,221);&#xD;
--mud-palette-primary-hover: rgba(0,168,176,0.058823529411764705);&#xD;
--mud-palette-secondary: rgba(204,160,90,1);&#xD;
--mud-palette-secondary-rgb: 204,160,90;&#xD;
--mud-palette-secondary-text: rgba(255,255,255,1);&#xD;
--mud-palette-secondary-darken: rgb(185,135,69);&#xD;
--mud-palette-secondary-lighten: rgb(224,184,112);&#xD;
--mud-palette-secondary-hover: rgba(204,160,90,0.058823529411764705);&#xD;
--mud-palette-tertiary: rgba(105,65,198,1);&#xD;
--mud-palette-tertiary-rgb: 105,65,198;&#xD;
--mud-palette-tertiary-text: rgba(255,255,255,1);&#xD;
--mud-palette-tertiary-darken: rgb(88,52,173);&#xD;
--mud-palette-tertiary-lighten: rgb(131,98,208);&#xD;
--mud-palette-tertiary-hover: rgba(105,65,198,0.058823529411764705);&#xD;
--mud-palette-info: rgba(46,144,250,1);&#xD;
--mud-palette-info-rgb: 46,144,250;&#xD;
--mud-palette-info-text: rgba(255,255,255,1);&#xD;
--mud-palette-info-darken: rgb(6,123,249);&#xD;
--mud-palette-info-lighten: rgb(81,163,251);&#xD;
--mud-palette-info-hover: rgba(46,144,250,0.058823529411764705);&#xD;
--mud-palette-success: rgba(18,183,106,1);&#xD;
--mud-palette-success-rgb: 18,183,106;&#xD;
--mud-palette-success-text: rgba(255,255,255,1);&#xD;
--mud-palette-success-darken: rgb(15,149,86);&#xD;
--mud-palette-success-lighten: rgb(21,213,124);&#xD;
--mud-palette-success-hover: rgba(18,183,106,0.058823529411764705);&#xD;
--mud-palette-warning: rgba(247,144,9,1);&#xD;
--mud-palette-warning-rgb: 247,144,9;&#xD;
--mud-palette-warning-text: rgba(255,255,255,1);&#xD;
--mud-palette-warning-darken: rgb(208,121,6);&#xD;
--mud-palette-warning-lighten: rgb(248,159,42);&#xD;
--mud-palette-warning-hover: rgba(247,144,9,0.058823529411764705);&#xD;
--mud-palette-error: rgba(240,68,56,1);&#xD;
--mud-palette-error-rgb: 240,68,56;&#xD;
--mud-palette-error-text: rgba(255,255,255,1);&#xD;
--mud-palette-error-darken: rgb(237,32,18);&#xD;
--mud-palette-error-lighten: rgb(243,99,89);&#xD;
--mud-palette-error-hover: rgba(240,68,56,0.058823529411764705);&#xD;
--mud-palette-dark: rgba(66,66,66,1);&#xD;
--mud-palette-dark-rgb: 66,66,66;&#xD;
--mud-palette-dark-text: rgba(255,255,255,1);&#xD;
--mud-palette-dark-darken: rgb(46,46,46);&#xD;
--mud-palette-dark-lighten: rgb(87,87,87);&#xD;
--mud-palette-dark-hover: rgba(66,66,66,0.058823529411764705);&#xD;
--mud-palette-text-primary: rgba(16,24,40,1);&#xD;
--mud-palette-text-secondary: rgba(71,84,103,1);&#xD;
--mud-palette-text-disabled: rgba(152,162,179,1);&#xD;
--mud-palette-action-default: rgba(71,84,103,1);&#xD;
--mud-palette-action-default-hover: rgba(71,84,103,0.058823529411764705);&#xD;
--mud-palette-action-disabled: rgba(208,213,221,1);&#xD;
--mud-palette-action-disabled-background: rgba(0,0,0,0.11764705882352941);&#xD;
--mud-palette-surface: rgba(255,255,255,1);&#xD;
--mud-palette-background: rgba(249,250,251,1);&#xD;
--mud-palette-background-gray: rgba(245,245,245,1);&#xD;
--mud-palette-drawer-background: rgba(255,255,255,1);&#xD;
--mud-palette-drawer-text: rgba(52,64,84,1);&#xD;
--mud-palette-drawer-icon: rgba(102,112,133,1);&#xD;
--mud-palette-appbar-background: rgba(255,255,255,1);&#xD;
--mud-palette-appbar-text: rgba(16,24,40,1);&#xD;
--mud-palette-lines-default: rgba(234,236,240,1);&#xD;
--mud-palette-lines-inputs: rgba(208,213,221,1);&#xD;
--mud-palette-table-lines: rgba(234,236,240,1);&#xD;
--mud-palette-table-striped: rgba(0,0,0,0.0196078431372549);&#xD;
--mud-palette-table-hover: rgba(0,0,0,0.0392156862745098);&#xD;
--mud-palette-divider: rgba(234,236,240,1);&#xD;
--mud-palette-divider-light: rgba(242,244,247,1);&#xD;
--mud-palette-skeleton: rgba(0,0,0,0.10980392156862745);&#xD;
--mud-palette-gray-default: #667085;&#xD;
--mud-palette-gray-light: #98a2b3;&#xD;
--mud-palette-gray-lighter: #d0d5dd;&#xD;
--mud-palette-gray-dark: #757575;&#xD;
--mud-palette-gray-darker: #616161;&#xD;
--mud-palette-overlay-dark: rgba(33,33,33,0.4980392156862745);&#xD;
--mud-palette-overlay-light: rgba(16,24,40,0.5);&#xD;
--mud-ripple-color: var(--mud-palette-text-primary);&#xD;
--mud-ripple-opacity: 0.1;&#xD;
--mud-ripple-opacity-secondary: 0.2;&#xD;
--mud-elevation-0: none;&#xD;
--mud-elevation-1: 0px 2px 1px -1px rgba(0,0,0,0.2),0px 1px 1px 0px rgba(0,0,0,0.14),0px 1px 3px 0px rgba(0,0,0,0.12);&#xD;
--mud-elevation-2: 0px 3px 1px -2px rgba(0,0,0,0.2),0px 2px 2px 0px rgba(0,0,0,0.14),0px 1px 5px 0px rgba(0,0,0,0.12);&#xD;
--mud-elevation-3: 0px 3px 3px -2px rgba(0,0,0,0.2),0px 3px 4px 0px rgba(0,0,0,0.14),0px 1px 8px 0px rgba(0,0,0,0.12);&#xD;
--mud-elevation-4: 0px 2px 4px -1px rgba(0,0,0,0.2),0px 4px 5px 0px rgba(0,0,0,0.14),0px 1px 10px 0px rgba(0,0,0,0.12);&#xD;
--mud-elevation-5: 0px 3px 5px -1px rgba(0,0,0,0.2),0px 5px 8px 0px rgba(0,0,0,0.14),0px 1px 14px 0px rgba(0,0,0,0.12);&#xD;
--mud-elevation-6: 0px 3px 5px -1px rgba(0,0,0,0.2),0px 6px 10px 0px rgba(0,0,0,0.14),0px 1px 18px 0px rgba(0,0,0,0.12);&#xD;
--mud-elevation-7: 0px 4px 5px -2px rgba(0,0,0,0.2),0px 7px 10px 1px rgba(0,0,0,0.14),0px 2px 16px 1px rgba(0,0,0,0.12);&#xD;
--mud-elevation-8: 0px 5px 5px -3px rgba(0,0,0,0.2),0px 8px 10px 1px rgba(0,0,0,0.14),0px 3px 14px 2px rgba(0,0,0,0.12);&#xD;
--mud-elevation-9: 0px 5px 6px -3px rgba(0,0,0,0.2),0px 9px 12px 1px rgba(0,0,0,0.14),0px 3px 16px 2px rgba(0,0,0,0.12);&#xD;
--mud-elevation-10: 0px 6px 6px -3px rgba(0,0,0,0.2),0px 10px 14px 1px rgba(0,0,0,0.14),0px 4px 18px 3px rgba(0,0,0,0.12);&#xD;
--mud-elevation-11: 0px 6px 7px -4px rgba(0,0,0,0.2),0px 11px 15px 1px rgba(0,0,0,0.14),0px 4px 20px 3px rgba(0,0,0,0.12);&#xD;
--mud-elevation-12: 0px 7px 8px -4px rgba(0,0,0,0.2),0px 12px 17px 2px rgba(0,0,0,0.14),0px 5px 22px 4px rgba(0,0,0,0.12);&#xD;
--mud-elevation-13: 0px 7px 8px -4px rgba(0,0,0,0.2),0px 13px 19px 2px rgba(0,0,0,0.14),0px 5px 24px 4px rgba(0,0,0,0.12);&#xD;
--mud-elevation-14: 0px 7px 9px -4px rgba(0,0,0,0.2),0px 14px 21px 2px rgba(0,0,0,0.14),0px 5px 26px 4px rgba(0,0,0,0.12);&#xD;
--mud-elevation-15: 0px 8px 9px -5px rgba(0,0,0,0.2),0px 15px 22px 2px rgba(0,0,0,0.14),0px 6px 28px 5px rgba(0,0,0,0.12);&#xD;
--mud-elevation-16: 0px 8px 10px -5px rgba(0,0,0,0.2),0px 16px 24px 2px rgba(0,0,0,0.14),0px 6px 30px 5px rgba(0,0,0,0.12);&#xD;
--mud-elevation-17: 0px 8px 11px -5px rgba(0,0,0,0.2),0px 17px 26px 2px rgba(0,0,0,0.14),0px 6px 32px 5px rgba(0,0,0,0.12);&#xD;
--mud-elevation-18: 0px 9px 11px -5px rgba(0,0,0,0.2),0px 18px 28px 2px rgba(0,0,0,0.14),0px 7px 34px 6px rgba(0,0,0,0.12);&#xD;
--mud-elevation-19: 0px 9px 12px -6px rgba(0,0,0,0.2),0px 19px 29px 2px rgba(0,0,0,0.14),0px 7px 36px 6px rgba(0,0,0,0.12);&#xD;
--mud-elevation-20: 0px 10px 13px -6px rgba(0,0,0,0.2),0px 20px 31px 3px rgba(0,0,0,0.14),0px 8px 38px 7px rgba(0,0,0,0.12);&#xD;
--mud-elevation-21: 0px 10px 13px -6px rgba(0,0,0,0.2),0px 21px 33px 3px rgba(0,0,0,0.14),0px 8px 40px 7px rgba(0,0,0,0.12);&#xD;
--mud-elevation-22: 0px 10px 14px -6px rgba(0,0,0,0.2),0px 22px 35px 3px rgba(0,0,0,0.14),0px 8px 42px 7px rgba(0,0,0,0.12);&#xD;
--mud-elevation-23: 0px 11px 14px -7px rgba(0,0,0,0.2),0px 23px 36px 3px rgba(0,0,0,0.14),0px 9px 44px 8px rgba(0,0,0,0.12);&#xD;
--mud-elevation-24: 0px 11px 15px -7px rgba(0,0,0,0.2),0px 24px 38px 3px rgba(0,0,0,0.14),0px 9px 46px 8px rgba(0,0,0,0.12);&#xD;
--mud-elevation-25: 0 5px 5px -3px rgba(0,0,0,.06), 0 8px 10px 1px rgba(0,0,0,.042), 0 3px 14px 2px rgba(0,0,0,.036);&#xD;
--mud-default-borderradius: 10px;&#xD;
--mud-drawer-width-left: 272px;&#xD;
--mud-drawer-width-right: 240px;&#xD;
--mud-drawer-width-mini-left: 56px;&#xD;
--mud-drawer-width-mini-right: 56px;&#xD;
--mud-appbar-height: 64px;&#xD;
--mud-typography-default-family: 'Inter','Segoe UI','Roboto','sans-serif';&#xD;
--mud-typography-default-size: .875rem;&#xD;
--mud-typography-default-weight: 400;&#xD;
--mud-typography-default-lineheight: 1.43;&#xD;
--mud-typography-default-letterspacing: .01071em;&#xD;
--mud-typography-default-text-transform: none;&#xD;
--mud-typography-h1-family: 'Inter','Segoe UI','Roboto','sans-serif';&#xD;
--mud-typography-h1-size: 6rem;&#xD;
--mud-typography-h1-weight: 300;&#xD;
--mud-typography-h1-lineheight: 1.167;&#xD;
--mud-typography-h1-letterspacing: -.01562em;&#xD;
--mud-typography-h1-text-transform: none;&#xD;
--mud-typography-h2-family: 'Inter','Segoe UI','Roboto','sans-serif';&#xD;
--mud-typography-h2-size: 3.75rem;&#xD;
--mud-typography-h2-weight: 300;&#xD;
--mud-typography-h2-lineheight: 1.2;&#xD;
--mud-typography-h2-letterspacing: -.00833em;&#xD;
--mud-typography-h2-text-transform: none;&#xD;
--mud-typography-h3-family: 'Inter','Segoe UI','Roboto','sans-serif';&#xD;
--mud-typography-h3-size: 3rem;&#xD;
--mud-typography-h3-weight: 400;&#xD;
--mud-typography-h3-lineheight: 1.167;&#xD;
--mud-typography-h3-letterspacing: 0;&#xD;
--mud-typography-h3-text-transform: none;&#xD;
--mud-typography-h4-family: 'Inter','Segoe UI','Roboto','sans-serif';&#xD;
--mud-typography-h4-size: 2.125rem;&#xD;
--mud-typography-h4-weight: 400;&#xD;
--mud-typography-h4-lineheight: 1.235;&#xD;
--mud-typography-h4-letterspacing: .00735em;&#xD;
--mud-typography-h4-text-transform: none;&#xD;
--mud-typography-h5-family: 'Inter','Segoe UI','Roboto','sans-serif';&#xD;
--mud-typography-h5-size: 1.5rem;&#xD;
--mud-typography-h5-weight: 400;&#xD;
--mud-typography-h5-lineheight: 1.334;&#xD;
--mud-typography-h5-letterspacing: 0;&#xD;
--mud-typography-h5-text-transform: none;&#xD;
--mud-typography-h6-family: 'Inter','Segoe UI','Roboto','sans-serif';&#xD;
--mud-typography-h6-size: 1.25rem;&#xD;
--mud-typography-h6-weight: 500;&#xD;
--mud-typography-h6-lineheight: 1.6;&#xD;
--mud-typography-h6-letterspacing: .0075em;&#xD;
--mud-typography-h6-text-transform: none;&#xD;
--mud-typography-subtitle1-family: 'Inter','Segoe UI','Roboto','sans-serif';&#xD;
--mud-typography-subtitle1-size: 1rem;&#xD;
--mud-typography-subtitle1-weight: 400;&#xD;
--mud-typography-subtitle1-lineheight: 1.75;&#xD;
--mud-typography-subtitle1-letterspacing: .00938em;&#xD;
--mud-typography-subtitle1-text-transform: none;&#xD;
--mud-typography-subtitle2-family: 'Inter','Segoe UI','Roboto','sans-serif';&#xD;
--mud-typography-subtitle2-size: .875rem;&#xD;
--mud-typography-subtitle2-weight: 500;&#xD;
--mud-typography-subtitle2-lineheight: 1.57;&#xD;
--mud-typography-subtitle2-letterspacing: .00714em;&#xD;
--mud-typography-subtitle2-text-transform: none;&#xD;
--mud-typography-body1-family: 'Inter','Segoe UI','Roboto','sans-serif';&#xD;
--mud-typography-body1-size: 1rem;&#xD;
--mud-typography-body1-weight: 400;&#xD;
--mud-typography-body1-lineheight: 1.5;&#xD;
--mud-typography-body1-letterspacing: .00938em;&#xD;
--mud-typography-body1-text-transform: none;&#xD;
--mud-typography-body2-family: 'Inter','Segoe UI','Roboto','sans-serif';&#xD;
--mud-typography-body2-size: .875rem;&#xD;
--mud-typography-body2-weight: 400;&#xD;
--mud-typography-body2-lineheight: 1.43;&#xD;
--mud-typography-body2-letterspacing: .01071em;&#xD;
--mud-typography-body2-text-transform: none;&#xD;
--mud-typography-input-family: 'Inter','Segoe UI','Roboto','sans-serif';&#xD;
--mud-typography-input-size: 1rem;&#xD;
--mud-typography-input-weight: 400;&#xD;
--mud-typography-input-lineheight: 1.1876;&#xD;
--mud-typography-input-letterspacing: .00938em;&#xD;
--mud-typography-input-text-transform: none;&#xD;
--mud-typography-button-family: 'Inter','Segoe UI','Roboto','sans-serif';&#xD;
--mud-typography-button-size: .875rem;&#xD;
--mud-typography-button-weight: 500;&#xD;
--mud-typography-button-lineheight: 1.75;&#xD;
--mud-typography-button-letterspacing: .02857em;&#xD;
--mud-typography-button-text-transform: uppercase;&#xD;
--mud-typography-caption-family: 'Inter','Segoe UI','Roboto','sans-serif';&#xD;
--mud-typography-caption-size: .75rem;&#xD;
--mud-typography-caption-weight: 400;&#xD;
--mud-typography-caption-lineheight: 1.66;&#xD;
--mud-typography-caption-letterspacing: .03333em;&#xD;
--mud-typography-caption-text-transform: none;&#xD;
--mud-typography-overline-family: 'Inter','Segoe UI','Roboto','sans-serif';&#xD;
--mud-typography-overline-size: .75rem;&#xD;
--mud-typography-overline-weight: 400;&#xD;
--mud-typography-overline-lineheight: 2.66;&#xD;
--mud-typography-overline-letterspacing: .08333em;&#xD;
--mud-typography-overline-text-transform: none;&#xD;
--mud-zindex-drawer: 1100;&#xD;
--mud-zindex-appbar: 1300;&#xD;
--mud-zindex-dialog: 1400;&#xD;
--mud-zindex-popover: 1200;&#xD;
--mud-zindex-snackbar: 1500;&#xD;
--mud-zindex-tooltip: 1600;&#xD;
--mud-native-html-color-scheme: light;&#xD;
}&#xD;
&lt;/style&gt;&#xD;
&lt;!--!--&gt;&#xD;
&lt;!--!--&gt;&lt;div class="mud-popover-provider"&gt;&lt;/div&gt;&lt;!--!--&gt;&#xD;
&lt;!--!--&gt;&lt;!--!--&gt;&lt;!--!--&gt;&lt;!--!--&gt;&#xD;
&lt;!--!--&gt;&lt;div id="mud-snackbar-container" class="mud-snackbar-location-bottom-right"&gt;&lt;/div&gt;&lt;!--!--&gt;&#xD;
&lt;!--!--&gt;&lt;!--!--&gt;&lt;!--!--&gt;&lt;!--!--&gt;&lt;!--!--&gt;&lt;!--!--&gt;&lt;!--!--&gt;&lt;!--!--&gt;&lt;!--!--&gt;&lt;!--!--&gt;&lt;!--!--&gt;&#xD;
&#xD;
&lt;div class="tl-login-page"&gt;&lt;div class="tl-login-container"&gt;&lt;!--!--&gt;&lt;div class="tl-login-branding"&gt;&lt;div class="tl-login-logo"&gt;&lt;svg viewBox="0 0 40 40" class="tl-logo-mark"&gt;&lt;rect x="4" y="4" width="14" height="14" rx="3" fill="#00c8c8"&gt;&lt;/rect&gt;&#xD;
                    &lt;rect x="22" y="4" width="14" height="14" rx="3" fill="#cca05a"&gt;&lt;/rect&gt;&#xD;
                    &lt;rect x="4" y="22" width="14" height="14" rx="3" fill="#00a8a8"&gt;&lt;/rect&gt;&#xD;
                    &lt;rect x="22" y="22" width="14" height="14" rx="3" fill="#b8944f"&gt;&lt;/rect&gt;&lt;/svg&gt;&lt;/div&gt;&#xD;
            &lt;h1 class="tl-login-title" tabindex="-1"&gt;MyDesk&lt;/h1&gt;&#xD;
            &lt;p class="tl-login-subtitle"&gt;Business Management Platform&lt;/p&gt;&lt;/div&gt;&#xD;
&#xD;
        &lt;!--!--&gt;&lt;div class="mud-paper mud-elevation-2 tl-login-card" style=""&gt;&lt;form action="/api/auth/login" method="post"&gt;&lt;div class="tl-login-form"&gt;&lt;input type="hidden" name="rememberMe" value=""&gt;&lt;!--!--&gt;&#xD;
&#xD;
                    &lt;div class="tl-login-field"&gt;&lt;input type="text" name="login" class="tl-input" placeholder="Username" autocomplete="username" required=""&gt;&lt;/div&gt;&lt;!--!--&gt;&#xD;
&#xD;
                    &lt;div class="tl-login-field"&gt;&lt;div style="position: relative;"&gt;&lt;input type="password" name="password" class="tl-input" placeholder="Password" autocomplete="current-password" required="" style="padding-right: 48px;"&gt;&lt;!--!--&gt;&#xD;
                            &lt;!--!--&gt;&lt;!--!--&gt;&lt;button tooltip="Show password" aria-label="Show password" type="button" class="mud-button-root mud-icon-button mud-ripple mud-ripple-icon mud-icon-button-size-small tl-password-toggle" _bl_f983652b-cfaa-4399-a3d8-629291251f8d=""&gt;&lt;span class="mud-icon-button-label"&gt;&lt;!--!--&gt;&lt;svg class="mud-icon-root mud-svg-icon mud-icon-size-small" focusable="false" viewBox="0 0 24 24" aria-hidden="true" role="img"&gt;&lt;!--!--&gt;&lt;path d="M0 0h24v24H0V0z" fill="none"&gt;&lt;/path&gt;&lt;path d="M12 4C7 4 2.73 7.11 1 11.5 2.73 15.89 7 19 12 19s9.27-3.11 11-7.5C21.27 7.11 17 4 12 4zm0 12.5c-2.76 0-5-2.24-5-5s2.24-5 5-5 5 2.24 5 5-2.24 5-5 5zm0-8c-1.66 0-3 1.34-3 3s1.34 3 3 3 3-1.34 3-3-1.34-3-3-3z"&gt;&lt;/path&gt;&lt;/svg&gt;&lt;/span&gt;&lt;/button&gt;&lt;/div&gt;&lt;/div&gt;&lt;!--!--&gt;&#xD;
&#xD;
                    &lt;div class="tl-login-options"&gt;&lt;!--!--&gt;&lt;!--!--&gt;&lt;div class="mud-input-control mud-input-control-boolean-input tl-save-credentials"&gt;&lt;div class="mud-input-control-input-container"&gt;&lt;label class="mud-checkbox" id="checkboxcyvkwtpr"&gt;&lt;span tabindex="0" class="mud-button-root mud-icon-button mud-primary-text hover:mud-primary-hover mud-checkbox-dense mud-ripple mud-ripple-checkbox mud-checkbox-false"&gt;&lt;input tabindex="-1" type="checkbox" class="mud-checkbox-input" aria-checked="false" aria-required="false"&gt;&lt;!--!--&gt;&#xD;
                &lt;!--!--&gt;&lt;svg class="mud-icon-root mud-svg-icon mud-icon-size-small" focusable="false" viewBox="0 0 24 24" aria-hidden="true" role="img"&gt;&lt;!--!--&gt;&lt;path d="M0 0h24v24H0z" fill="none"&gt;&lt;/path&gt;&lt;path d="M19 5v14H5V5h14m0-2H5c-1.1 0-2 .9-2 2v14c0 1.1.9 2 2 2h14c1.1 0 2-.9 2-2V5c0-1.1-.9-2-2-2z"&gt;&lt;/path&gt;&lt;/svg&gt;&lt;/span&gt;&lt;!--!--&gt;&lt;!--!--&gt;&lt;p class="mud-typography mud-typography-body1"&gt;&lt;!--!--&gt;&lt;span class="tl-save-text"&gt;Save credentials for 30 days&lt;/span&gt;&lt;/p&gt;&lt;/label&gt;&lt;/div&gt;&lt;/div&gt;&lt;!--!--&gt;&#xD;
&#xD;
                        &lt;!--!--&gt;&lt;a href="/forgot-password" class="mud-typography mud-link mud-primary-text mud-link-underline-hover mud-typography-body2 tl-forgot-link"&gt;&lt;!--!--&gt;&#xD;
                            Forgot password?&#xD;
                        &lt;/a&gt;&lt;/div&gt;&lt;!--!--&gt;&#xD;
&#xD;
                    &lt;!--!--&gt;&lt;!--!--&gt;&lt;button tooltip="Sign in to your account" type="button" class="mud-button-root mud-button mud-button-filled mud-button-filled-default mud-button-filled-size-medium mud-width-full mud-ripple mt-4" _bl_ceb10c47-6266-4c3c-ad60-193d1b0769c5=""&gt;&lt;span class="mud-button-label"&gt;&lt;!--!--&gt;&lt;span&gt;Sign In&lt;/span&gt;&lt;/span&gt;&lt;/button&gt;&lt;/div&gt;&lt;/form&gt;&lt;/div&gt;&lt;!--!--&gt;&#xD;
&#xD;
        &lt;p class="tl-login-footer"&gt;2026&lt;!--!--&gt; MyDesk by Digital Response&#xD;
            © 2026&lt;!--!--&gt; MyDesk by Digital Response&#xD;
        &lt;/p&gt;&lt;/div&gt;&lt;/div&gt;&lt;!--!--&gt;&#xD;
&#xD;
&lt;!--!--&gt;&lt;style&gt;&#xD;
    .tl-login-page {&#xD;
        min-height: 100vh;&#xD;
        display: flex;&#xD;
        align-items: center;&#xD;
        justify-content: center;&#xD;
        background: linear-gradient(135deg, #f0f9ff 0%, #e0f2fe 50%, #f0fdf4 100%);&#xD;
        padding: 20px;&#xD;
    }&#xD;
&#xD;
    .tl-login-container {&#xD;
        width: 100%;&#xD;
        max-width: 400px;&#xD;
        display: flex;&#xD;
        flex-direction: column;&#xD;
        align-items: center;&#xD;
    }&#xD;
&#xD;
    .tl-login-branding {&#xD;
        text-align: center;&#xD;
        margin-bottom: 32px;&#xD;
    }&#xD;
&#xD;
    .tl-login-logo {&#xD;
        width: 64px;&#xD;
        height: 64px;&#xD;
        margin: 0 auto 16px;&#xD;
        background: white;&#xD;
        border-radius: 16px;&#xD;
        display: flex;&#xD;
        align-items: center;&#xD;
        justify-content: center;&#xD;
        box-shadow: 0 4px 20px rgba(0, 200, 200, 0.15);&#xD;
    }&#xD;
&#xD;
    .tl-logo-mark {&#xD;
        width: 40px;&#xD;
        height: 40px;&#xD;
    }&#xD;
&#xD;
    .tl-login-title {&#xD;
        font-size: 32px;&#xD;
        font-weight: 700;&#xD;
        color: var(--gray-900);&#xD;
        margin: 0 0 4px 0;&#xD;
        letter-spacing: -0.5px;&#xD;
    }&#xD;
&#xD;
    .tl-login-subtitle {&#xD;
        font-size: 14px;&#xD;
        color: var(--gray-500);&#xD;
        margin: 0;&#xD;
    }&#xD;
&#xD;
    .tl-login-card {&#xD;
        width: 100%;&#xD;
        padding: 32px;&#xD;
        border-radius: 16px;&#xD;
        background: white;&#xD;
    }&#xD;
&#xD;
    .tl-login-form {&#xD;
        display: flex;&#xD;
        flex-direction: column;&#xD;
        gap: 20px;&#xD;
    }&#xD;
&#xD;
    .tl-login-field ::deep .mud-input-outlined-border {&#xD;
        border-radius: 10px;&#xD;
    }&#xD;
&#xD;
    .tl-login-options {&#xD;
        display: flex;&#xD;
        align-items: center;&#xD;
        justify-content: space-between;&#xD;
        flex-wrap: wrap;&#xD;
        gap: 8px;&#xD;
    }&#xD;
&#xD;
    .tl-save-credentials {&#xD;
        margin: 0;&#xD;
    }&#xD;
&#xD;
    .tl-save-text {&#xD;
        font-size: 13px;&#xD;
        color: var(--gray-600);&#xD;
    }&#xD;
&#xD;
    .tl-forgot-link {&#xD;
        font-size: 13px;&#xD;
        font-weight: 500;&#xD;
    }&#xD;
&#xD;
    .tl-login-button {&#xD;
        border-radius: 10px;&#xD;
        height: 48px;&#xD;
        font-size: 15px;&#xD;
        font-weight: 600;&#xD;
        text-transform: none;&#xD;
        background: linear-gradient(135deg, #00a8b0 0%, #008a8a 100%);&#xD;
        box-shadow: 0 4px 14px rgba(0, 168, 176, 0.3);&#xD;
        transition: all 200ms ease;&#xD;
    }&#xD;
&#xD;
    .tl-login-button:hover:not(:disabled) {&#xD;
        transform: translateY(-1px);&#xD;
        box-shadow: 0 6px 20px rgba(0, 168, 176, 0.4);&#xD;
    }&#xD;
&#xD;
    .tl-login-button:disabled {&#xD;
        opacity: 0.7;&#xD;
    }&#xD;
&#xD;
    .tl-login-footer {&#xD;
        margin-top: 24px;&#xD;
        font-size: 12px;&#xD;
        color: var(--gray-400);&#xD;
        text-align: center;&#xD;
    }&#xD;
&#xD;
    /* Styled inputs to match MudBlazor design */&#xD;
    .tl-login-field {&#xD;
        width: 100%;&#xD;
    }&#xD;
&#xD;
    .tl-input {&#xD;
        width: 100%;&#xD;
        height: 48px;&#xD;
        padding: 12px 16px;&#xD;
        font-size: 15px;&#xD;
        border: 1px solid var(--gray-300);&#xD;
        border-radius: 10px;&#xD;
        background: white;&#xD;
        transition: all 200ms ease;&#xD;
        outline: none;&#xD;
        color: var(--gray-900);&#xD;
    }&#xD;
&#xD;
    .tl-input:focus {&#xD;
        border-color: var(--tl-primary-500);&#xD;
        box-shadow: 0 0 0 3px rgba(0, 168, 176, 0.1);&#xD;
    }&#xD;
&#xD;
    .tl-input::placeholder {&#xD;
        color: var(--gray-400);&#xD;
    }&#xD;
&#xD;
    .tl-password-toggle {&#xD;
        position: absolute;&#xD;
        right: 8px;&#xD;
        top: 50%;&#xD;
        transform: translateY(-50%);&#xD;
        width: 32px;&#xD;
        height: 32px;&#xD;
    }&#xD;
&lt;/style&gt;&lt;!--!--&gt;&#xD;
            &lt;!--!--&gt;&#xD;
    &lt;div id="blazor-error-ui"&gt;&#xD;
        An unhandled error has occurred.&#xD;
        &lt;a href="" class="reload"&gt;Reload&lt;/a&gt;&#xD;
        &lt;a class="dismiss"&gt;\ud83d\uddd9&lt;/a&gt;&lt;/div&gt;&#xD;
    &lt;script src="_framework/blazor.web.js"&gt;&lt;/script&gt;&#xD;
    &lt;script src="_content/MudBlazor/MudBlazor.min.js"&gt;&lt;/script&gt;&#xD;
    &lt;script src="/js/app.js"&gt;&lt;/script&gt;&lt;/body&gt;&lt;/html&gt;"&#xD;
</Message>
          <StackTrace>   at MyDesk.PlaywrightTests.Tests.LoginTests.Login_Page_Shows_Digital_Response_Copyright() in C:\Development\Techlight-Projects\Techlight.digitalresponse.com.au\tests\MyDesk.PlaywrightTests\Tests\LoginTests.cs:line 39&#xD;
   at NUnit.Framework.Internal.TaskAwaitAdapter.GenericAdapter`1.BlockUntilCompleted()&#xD;
   at NUnit.Framework.Internal.MessagePumpStrategy.NoMessagePumpStrategy.WaitForCompletion(AwaitAdapter awaiter)&#xD;
   at NUnit.Framework.Internal.AsyncToSyncAdapter.Await(Func`1 invoke)&#xD;
   at NUnit.Framework.Internal.Commands.TestMethodCommand.RunTestMethod(TestExecutionContext context)&#xD;
   at NUnit.Framework.Internal.Commands.TestMethodCommand.Execute(TestExecutionContext context)&#xD;
   at NUnit.Framework.Internal.Commands.BeforeAndAfterTestCommand.&lt;&gt;c__DisplayClass1_0.&lt;Execute&gt;b__0()&#xD;
   at NUnit.Framework.Internal.Commands.DelegatingTestCommand.RunTestMethodInThreadAbortSafeZone(TestExecutionContext context, Action action)&#xD;

1)    at MyDesk.PlaywrightTests.Tests.LoginTests.Login_Page_Shows_Digital_Response_Copyright() in C:\Development\Techlight-Projects\Techlight.digitalresponse.com.au\tests\MyDesk.PlaywrightTests\Tests\LoginTests.cs:line 39&#xD;

</StackTrace>
        </ErrorInfo>
      </Output>
    </UnitTestResult>
    <UnitTestResult executionId="a2d0eb9f-570e-4fba-9172-45b086250adb" testId="ddb3bc2c-04f2-6076-daae-12514f126ed2" testName="Invoice_Print_Button_Available" computerName="PB-LEGION" duration="00:00:06.5664230" startTime="2026-04-23T11:53:09.1702183+10:00" endTime="2026-04-23T11:53:15.7366413+10:00" testType="13cdc9d9-ddb5-4fa4-a97d-d965ccfc6d4b" outcome="NotExecuted" testListId="8c84fa94-04c1-424b-9868-57a2d4851a1d" relativeResultsDirectory="a2d0eb9f-570e-4fba-9172-45b086250adb">
      <Output>
        <StdOut>No invoices available to check print functionality</StdOut>
        <ErrorInfo>
          <Message>No invoices available to check print functionality</Message>
        </ErrorInfo>
      </Output>
    </UnitTestResult>
    <UnitTestResult executionId="fd4dcc66-8e50-4183-a64a-cc4aa0eac400" testId="28352991-fa2d-2e80-8937-fc21c1029f91" testName="Login_Page_Has_Terms_Link" computerName="PB-LEGION" duration="00:00:05.4533410" startTime="2026-04-23T11:53:48.2250477+10:00" endTime="2026-04-23T11:53:53.6783881+10:00" testType="13cdc9d9-ddb5-4fa4-a97d-d965ccfc6d4b" outcome="Failed" testListId="8c84fa94-04c1-424b-9868-57a2d4851a1d" relativeResultsDirectory="fd4dcc66-8e50-4183-a64a-cc4aa0eac400">
      <Output>
        <ErrorInfo>
          <Message>  Terms &amp; Conditions link should exist&#xD;
  Expected: not null&#xD;
  But was:  null&#xD;
</Message>
          <StackTrace>   at MyDesk.PlaywrightTests.Tests.LoginTests.Login_Page_Has_Terms_Link() in C:\Development\Techlight-Projects\Techlight.digitalresponse.com.au\tests\MyDesk.PlaywrightTests\Tests\LoginTests.cs:line 70&#xD;
   at NUnit.Framework.Internal.TaskAwaitAdapter.GenericAdapter`1.BlockUntilCompleted()&#xD;
   at NUnit.Framework.Internal.MessagePumpStrategy.NoMessagePumpStrategy.WaitForCompletion(AwaitAdapter awaiter)&#xD;
   at NUnit.Framework.Internal.AsyncToSyncAdapter.Await(Func`1 invoke)&#xD;
   at NUnit.Framework.Internal.Commands.TestMethodCommand.RunTestMethod(TestExecutionContext context)&#xD;
   at NUnit.Framework.Internal.Commands.TestMethodCommand.Execute(TestExecutionContext context)&#xD;
   at NUnit.Framework.Internal.Commands.BeforeAndAfterTestCommand.&lt;&gt;c__DisplayClass1_0.&lt;Execute&gt;b__0()&#xD;
   at NUnit.Framework.Internal.Commands.DelegatingTestCommand.RunTestMethodInThreadAbortSafeZone(TestExecutionContext context, Action action)&#xD;

1)    at MyDesk.PlaywrightTests.Tests.LoginTests.Login_Page_Has_Terms_Link() in C:\Development\Techlight-Projects\Techlight.digitalresponse.com.au\tests\MyDesk.PlaywrightTests\Tests\LoginTests.cs:line 70&#xD;

</StackTrace>
        </ErrorInfo>
      </Output>
    </UnitTestResult>
    <UnitTestResult executionId="67f2c09a-d2fb-4ecc-90b5-9162825372cb" testId="caec8417-d98a-a018-6e93-1c7f40aa0e4f" testName="Form_Inputs_Have_Associated_Labels" computerName="PB-LEGION" duration="00:00:07.0713980" startTime="2026-04-23T11:49:35.7422485+10:00" endTime="2026-04-23T11:49:42.8136049+10:00" testType="13cdc9d9-ddb5-4fa4-a97d-d965ccfc6d4b" outcome="Passed" testListId="8c84fa94-04c1-424b-9868-57a2d4851a1d" relativeResultsDirectory="67f2c09a-d2fb-4ecc-90b5-9162825372cb">
      <Output>
        <StdOut>Inputs with labels: 0/0</StdOut>
      </Output>
    </UnitTestResult>
    <UnitTestResult executionId="2878ebe7-569b-428d-9b5e-4b7026063c37" testId="50e0ec38-e0f6-fe83-c55d-b9b165a1116c" testName="Quotes_List_Page_Loads" computerName="PB-LEGION" duration="00:00:06.3641110" startTime="2026-04-23T11:58:17.2416442+10:00" endTime="2026-04-23T11:58:23.6057551+10:00" testType="13cdc9d9-ddb5-4fa4-a97d-d965ccfc6d4b" outcome="Failed" testListId="8c84fa94-04c1-424b-9868-57a2d4851a1d" relativeResultsDirectory="2878ebe7-569b-428d-9b5e-4b7026063c37">
      <Output>
        <ErrorInfo>
          <Message>  Expected: String containing "Quote" or String containing "Quotes"&#xD;
  But was:  &lt;string.Empty&gt;&#xD;
</Message>
          <StackTrace>   at MyDesk.PlaywrightTests.Tests.QuotesTests.Quotes_List_Page_Loads() in C:\Development\Techlight-Projects\Techlight.digitalresponse.com.au\tests\MyDesk.PlaywrightTests\Tests\QuotesTests.cs:line 21&#xD;
   at NUnit.Framework.Internal.TaskAwaitAdapter.GenericAdapter`1.BlockUntilCompleted()&#xD;
   at NUnit.Framework.Internal.MessagePumpStrategy.NoMessagePumpStrategy.WaitForCompletion(AwaitAdapter awaiter)&#xD;
   at NUnit.Framework.Internal.AsyncToSyncAdapter.Await(Func`1 invoke)&#xD;
   at NUnit.Framework.Internal.Commands.TestMethodCommand.RunTestMethod(TestExecutionContext context)&#xD;
   at NUnit.Framework.Internal.Commands.TestMethodCommand.Execute(TestExecutionContext context)&#xD;
   at NUnit.Framework.Internal.Commands.BeforeAndAfterTestCommand.&lt;&gt;c__DisplayClass1_0.&lt;Execute&gt;b__0()&#xD;
   at NUnit.Framework.Internal.Commands.DelegatingTestCommand.RunTestMethodInThreadAbortSafeZone(TestExecutionContext context, Action action)&#xD;

1)    at MyDesk.PlaywrightTests.Tests.QuotesTests.Quotes_List_Page_Loads() in C:\Development\Techlight-Projects\Techlight.digitalresponse.com.au\tests\MyDesk.PlaywrightTests\Tests\QuotesTests.cs:line 21&#xD;

</StackTrace>
        </ErrorInfo>
      </Output>
    </UnitTestResult>
    <UnitTestResult executionId="602dd29f-bf9b-43d6-9fdc-2540f5065895" testId="d4c1c1db-91ab-865f-d1c4-477a83b55031" testName="AskAI_Send_Button_Enabled" computerName="PB-LEGION" duration="00:00:06.5903840" startTime="2026-04-23T11:50:43.5406361+10:00" endTime="2026-04-23T11:50:50.1310199+10:00" testType="13cdc9d9-ddb5-4fa4-a97d-d965ccfc6d4b" outcome="NotExecuted" testListId="8c84fa94-04c1-424b-9868-57a2d4851a1d" relativeResultsDirectory="602dd29f-bf9b-43d6-9fdc-2540f5065895">
      <Output>
        <StdOut>Input field or send button not found</StdOut>
        <ErrorInfo>
          <Message>Input field or send button not found</Message>
        </ErrorInfo>
      </Output>
    </UnitTestResult>
    <UnitTestResult executionId="c918b890-21f9-42fa-ab48-a23d7f89482f" testId="b4c12a82-09f5-d521-5f94-b54ad29b83f9" testName="Keyboard_Navigation_Works" computerName="PB-LEGION" duration="00:00:06.7955960" startTime="2026-04-23T11:49:55.9716931+10:00" endTime="2026-04-23T11:50:02.7672876+10:00" testType="13cdc9d9-ddb5-4fa4-a97d-d965ccfc6d4b" outcome="Passed" testListId="8c84fa94-04c1-424b-9868-57a2d4851a1d" relativeResultsDirectory="c918b890-21f9-42fa-ab48-a23d7f89482f">
      <Output>
        <StdOut>Keyboard navigation test completed</StdOut>
      </Output>
    </UnitTestResult>
    <UnitTestResult executionId="cd5ea5e4-e0f9-491f-9379-e0731ff6a8bb" testId="92ab84d0-8a6e-3b82-cc98-9c2637aaf2ae" testName="PurchaseOrder_Details_Shows_Supplier_Info" computerName="PB-LEGION" duration="00:00:06.5424410" startTime="2026-04-23T11:57:20.6336819+10:00" endTime="2026-04-23T11:57:27.1761227+10:00" testType="13cdc9d9-ddb5-4fa4-a97d-d965ccfc6d4b" outcome="NotExecuted" testListId="8c84fa94-04c1-424b-9868-57a2d4851a1d" relativeResultsDirectory="cd5ea5e4-e0f9-491f-9379-e0731ff6a8bb">
      <Output>
        <StdOut>No purchase orders available to view details</StdOut>
        <ErrorInfo>
          <Message>No purchase orders available to view details</Message>
        </ErrorInfo>
      </Output>
    </UnitTestResult>
    <UnitTestResult executionId="e5c10cb4-d7ea-4f85-8598-582ffc386853" testId="d8d8da52-dd30-0263-fbe2-83511c3a1494" testName="Invoice_Filter_By_Date_Range" computerName="PB-LEGION" duration="00:00:06.5583230" startTime="2026-04-23T11:52:56.0185362+10:00" endTime="2026-04-23T11:53:02.5768594+10:00" testType="13cdc9d9-ddb5-4fa4-a97d-d965ccfc6d4b" outcome="NotExecuted" testListId="8c84fa94-04c1-424b-9868-57a2d4851a1d" relativeResultsDirectory="e5c10cb4-d7ea-4f85-8598-582ffc386853">
      <Output>
        <StdOut>Date filter inputs not found</StdOut>
        <ErrorInfo>
          <Message>Date filter inputs not found</Message>
        </ErrorInfo>
      </Output>
    </UnitTestResult>
    <UnitTestResult executionId="e4473fc6-4250-4522-a171-c0b66dfc8d74" testId="ebd4e7c0-6cb5-b4c4-ba37-feb987e2a516" testName="Create_Contact_Page_Loads" computerName="PB-LEGION" duration="00:00:06.3282500" startTime="2026-04-23T11:51:29.2283097+10:00" endTime="2026-04-23T11:51:35.5565589+10:00" testType="13cdc9d9-ddb5-4fa4-a97d-d965ccfc6d4b" outcome="Failed" testListId="8c84fa94-04c1-424b-9868-57a2d4851a1d" relativeResultsDirectory="e4473fc6-4250-4522-a171-c0b66dfc8d74">
      <Output>
        <ErrorInfo>
          <Message>  Expected: String containing "New Contact" or String containing "Create Contact" or String containing "Contact"&#xD;
  But was:  &lt;string.Empty&gt;&#xD;
</Message>
          <StackTrace>   at MyDesk.PlaywrightTests.Tests.ContactsTests.Create_Contact_Page_Loads() in C:\Development\Techlight-Projects\Techlight.digitalresponse.com.au\tests\MyDesk.PlaywrightTests\Tests\ContactsTests.cs:line 36&#xD;
   at NUnit.Framework.Internal.TaskAwaitAdapter.GenericAdapter`1.BlockUntilCompleted()&#xD;
   at NUnit.Framework.Internal.MessagePumpStrategy.NoMessagePumpStrategy.WaitForCompletion(AwaitAdapter awaiter)&#xD;
   at NUnit.Framework.Internal.AsyncToSyncAdapter.Await(Func`1 invoke)&#xD;
   at NUnit.Framework.Internal.Commands.TestMethodCommand.RunTestMethod(TestExecutionContext context)&#xD;
   at NUnit.Framework.Internal.Commands.TestMethodCommand.Execute(TestExecutionContext context)&#xD;
   at NUnit.Framework.Internal.Commands.BeforeAndAfterTestCommand.&lt;&gt;c__DisplayClass1_0.&lt;Execute&gt;b__0()&#xD;
   at NUnit.Framework.Internal.Commands.DelegatingTestCommand.RunTestMethodInThreadAbortSafeZone(TestExecutionContext context, Action action)&#xD;

1)    at MyDesk.PlaywrightTests.Tests.ContactsTests.Create_Contact_Page_Loads() in C:\Development\Techlight-Projects\Techlight.digitalresponse.com.au\tests\MyDesk.PlaywrightTests\Tests\ContactsTests.cs:line 36&#xD;

</StackTrace>
        </ErrorInfo>
      </Output>
    </UnitTestResult>
    <UnitTestResult executionId="a6a1a4ef-1a0b-4068-a561-a2dc02614258" testId="e4d83f7c-1a87-6c6e-9042-a679e4dc1fa7" testName="Contact_Details_Page_Loads" computerName="PB-LEGION" duration="00:00:06.3909810" startTime="2026-04-23T11:51:09.8126147+10:00" endTime="2026-04-23T11:51:16.2035956+10:00" testType="13cdc9d9-ddb5-4fa4-a97d-d965ccfc6d4b" outcome="NotExecuted" testListId="8c84fa94-04c1-424b-9868-57a2d4851a1d" relativeResultsDirectory="a6a1a4ef-1a0b-4068-a561-a2dc02614258">
      <Output>
        <StdOut>No contacts available to view details</StdOut>
        <ErrorInfo>
          <Message>No contacts available to view details</Message>
        </ErrorInfo>
      </Output>
    </UnitTestResult>
    <UnitTestResult executionId="44e57cc6-4ebd-432f-8e3a-9a8e640a9fbd" testId="66e34f99-cdaa-965d-3370-30e5062674d8" testName="Create_Quote_Page_Loads" computerName="PB-LEGION" duration="00:00:06.5983630" startTime="2026-04-23T11:57:33.6946995+10:00" endTime="2026-04-23T11:57:40.2930621+10:00" testType="13cdc9d9-ddb5-4fa4-a97d-d965ccfc6d4b" outcome="Failed" testListId="8c84fa94-04c1-424b-9868-57a2d4851a1d" relativeResultsDirectory="44e57cc6-4ebd-432f-8e3a-9a8e640a9fbd">
      <Output>
        <ErrorInfo>
          <Message>  Expected: String containing "New Quote" or String containing "Create Quote" or String containing "Quote"&#xD;
  But was:  &lt;string.Empty&gt;&#xD;
</Message>
          <StackTrace>   at MyDesk.PlaywrightTests.Tests.QuotesTests.Create_Quote_Page_Loads() in C:\Development\Techlight-Projects\Techlight.digitalresponse.com.au\tests\MyDesk.PlaywrightTests\Tests\QuotesTests.cs:line 36&#xD;
   at NUnit.Framework.Internal.TaskAwaitAdapter.GenericAdapter`1.BlockUntilCompleted()&#xD;
   at NUnit.Framework.Internal.MessagePumpStrategy.NoMessagePumpStrategy.WaitForCompletion(AwaitAdapter awaiter)&#xD;
   at NUnit.Framework.Internal.AsyncToSyncAdapter.Await(Func`1 invoke)&#xD;
   at NUnit.Framework.Internal.Commands.TestMethodCommand.RunTestMethod(TestExecutionContext context)&#xD;
   at NUnit.Framework.Internal.Commands.TestMethodCommand.Execute(TestExecutionContext context)&#xD;
   at NUnit.Framework.Internal.Commands.BeforeAndAfterTestCommand.&lt;&gt;c__DisplayClass1_0.&lt;Execute&gt;b__0()&#xD;
   at NUnit.Framework.Internal.Commands.DelegatingTestCommand.RunTestMethodInThreadAbortSafeZone(TestExecutionContext context, Action action)&#xD;

1)    at MyDesk.PlaywrightTests.Tests.QuotesTests.Create_Quote_Page_Loads() in C:\Development\Techlight-Projects\Techlight.digitalresponse.com.au\tests\MyDesk.PlaywrightTests\Tests\QuotesTests.cs:line 36&#xD;

</StackTrace>
        </ErrorInfo>
      </Output>
    </UnitTestResult>
    <UnitTestResult executionId="2bb135d0-90a8-45a8-a916-23ddf55b61fb" testId="360880a0-a405-b37e-c80f-7d5665583230" testName="Login_With_Invalid_Credentials_Shows_Error" computerName="PB-LEGION" duration="00:00:20.8425080" startTime="2026-04-23T11:54:25.5657378+10:00" endTime="2026-04-23T11:54:46.4082459+10:00" testType="13cdc9d9-ddb5-4fa4-a97d-d965ccfc6d4b" outcome="Failed" testListId="8c84fa94-04c1-424b-9868-57a2d4851a1d" relativeResultsDirectory="2bb135d0-90a8-45a8-a916-23ddf55b61fb">
      <Output>
        <ErrorInfo>
          <Message>System.TimeoutException : Timeout 15000ms exceeded.&#xD;
Call log:&#xD;
  - waiting for Locator("button[type='submit']")</Message>
          <StackTrace>   at Microsoft.Playwright.Transport.Connection.InnerSendMessageToServerAsync[T](ChannelOwner object, String method, Dictionary`2 dictionary, Boolean keepNulls) in /_/src/Playwright/Transport/Connection.cs:line 207&#xD;
   at Microsoft.Playwright.Transport.Connection.WrapApiCallAsync[T](Func`1 action, Boolean isInternal) in /_/src/Playwright/Transport/Connection.cs:line 537&#xD;
   at MyDesk.PlaywrightTests.Tests.LoginTests.Login_With_Invalid_Credentials_Shows_Error() in C:\Development\Techlight-Projects\Techlight.digitalresponse.com.au\tests\MyDesk.PlaywrightTests\Tests\LoginTests.cs:line 107&#xD;
   at NUnit.Framework.Internal.TaskAwaitAdapter.GenericAdapter`1.BlockUntilCompleted()&#xD;
   at NUnit.Framework.Internal.MessagePumpStrategy.NoMessagePumpStrategy.WaitForCompletion(AwaitAdapter awaiter)&#xD;
   at NUnit.Framework.Internal.AsyncToSyncAdapter.Await(Func`1 invoke)&#xD;
   at NUnit.Framework.Internal.Commands.TestMethodCommand.RunTestMethod(TestExecutionContext context)&#xD;
   at NUnit.Framework.Internal.Commands.TestMethodCommand.Execute(TestExecutionContext context)&#xD;
   at NUnit.Framework.Internal.Commands.BeforeAndAfterTestCommand.&lt;&gt;c__DisplayClass1_0.&lt;Execute&gt;b__0()&#xD;
   at NUnit.Framework.Internal.Commands.DelegatingTestCommand.RunTestMethodInThreadAbortSafeZone(TestExecutionContext context, Action action)
</StackTrace>
        </ErrorInfo>
      </Output>
    </UnitTestResult>
    <UnitTestResult executionId="2a0879d4-af5b-4991-b7f6-4736e97eecc3" testId="7bf703d8-2803-ee8e-4f4b-ea6bb20f58bb" testName="Page_Has_Proper_Title" computerName="PB-LEGION" duration="00:00:06.5528150" startTime="2026-04-23T11:50:09.2673408+10:00" endTime="2026-04-23T11:50:15.8201549+10:00" testType="13cdc9d9-ddb5-4fa4-a97d-d965ccfc6d4b" outcome="Failed" testListId="8c84fa94-04c1-424b-9868-57a2d4851a1d" relativeResultsDirectory="2a0879d4-af5b-4991-b7f6-4736e97eecc3">
      <Output>
        <ErrorInfo>
          <Message>  Page / should have a title&#xD;
  Expected: not null and not &lt;empty&gt;&#xD;
  But was:  &lt;string.Empty&gt;&#xD;
</Message>
          <StackTrace>   at MyDesk.PlaywrightTests.Tests.AccessibilityTests.Page_Has_Proper_Title() in C:\Development\Techlight-Projects\Techlight.digitalresponse.com.au\tests\MyDesk.PlaywrightTests\Tests\AccessibilityTests.cs:line 41&#xD;
   at NUnit.Framework.Internal.TaskAwaitAdapter.GenericAdapter`1.BlockUntilCompleted()&#xD;
   at NUnit.Framework.Internal.MessagePumpStrategy.NoMessagePumpStrategy.WaitForCompletion(AwaitAdapter awaiter)&#xD;
   at NUnit.Framework.Internal.AsyncToSyncAdapter.Await(Func`1 invoke)&#xD;
   at NUnit.Framework.Internal.Commands.TestMethodCommand.RunTestMethod(TestExecutionContext context)&#xD;
   at NUnit.Framework.Internal.Commands.TestMethodCommand.Execute(TestExecutionContext context)&#xD;
   at NUnit.Framework.Internal.Commands.BeforeAndAfterTestCommand.&lt;&gt;c__DisplayClass1_0.&lt;Execute&gt;b__0()&#xD;
   at NUnit.Framework.Internal.Commands.DelegatingTestCommand.RunTestMethodInThreadAbortSafeZone(TestExecutionContext context, Action action)&#xD;

1)    at MyDesk.PlaywrightTests.Tests.AccessibilityTests.Page_Has_Proper_Title() in C:\Development\Techlight-Projects\Techlight.digitalresponse.com.au\tests\MyDesk.PlaywrightTests\Tests\AccessibilityTests.cs:line 41&#xD;

</StackTrace>
        </ErrorInfo>
      </Output>
    </UnitTestResult>
    <UnitTestResult executionId="58f73824-9bcd-44ca-b046-2654eb00f09f" testId="72d8077b-b2b3-e92f-6c7e-be9dcef5f77a" testName="Profile_User_Info_Displayed" computerName="PB-LEGION" duration="00:00:06.5856630" startTime="2026-04-23T11:56:54.7149762+10:00" endTime="2026-04-23T11:57:01.3006391+10:00" testType="13cdc9d9-ddb5-4fa4-a97d-d965ccfc6d4b" outcome="Passed" testListId="8c84fa94-04c1-424b-9868-57a2d4851a1d" relativeResultsDirectory="58f73824-9bcd-44ca-b046-2654eb00f09f">
      <Output>
        <StdOut>User name displayed: MyDesk&#xD;
Screenshot saved: C:\Development\Techlight-Projects\Techlight.digitalresponse.com.au\tests\MyDesk.PlaywrightTests\bin\Debug\net8.0\screenshots\Profile_User_Info_20260423_115700.png</StdOut>
      </Output>
    </UnitTestResult>
    <UnitTestResult executionId="e2eea641-9e36-41f8-b7f6-8fa35637e0ae" testId="103f72a3-0dc9-d9a7-5f43-81c648b05939" testName="Create_Quote_Submit_Empty_Shows_Validation" computerName="PB-LEGION" duration="00:00:08.0709470" startTime="2026-04-23T11:57:40.2930901+10:00" endTime="2026-04-23T11:57:48.3640361+10:00" testType="13cdc9d9-ddb5-4fa4-a97d-d965ccfc6d4b" outcome="NotExecuted" testListId="8c84fa94-04c1-424b-9868-57a2d4851a1d" relativeResultsDirectory="e2eea641-9e36-41f8-b7f6-8fa35637e0ae">
      <Output>
        <StdOut>Submit button not found</StdOut>
        <ErrorInfo>
          <Message>Submit button not found</Message>
        </ErrorInfo>
      </Output>
    </UnitTestResult>
    <UnitTestResult executionId="ae7e87c8-f74d-4b9c-8b09-e54a15eac30a" testId="89da2dbf-08e9-7329-0273-6bfec0a358be" testName="NavMenu_Contains_All_Main_Links" computerName="PB-LEGION" duration="00:00:06.3688910" startTime="2026-04-23T11:55:50.8837401+10:00" endTime="2026-04-23T11:55:57.2526303+10:00" testType="13cdc9d9-ddb5-4fa4-a97d-d965ccfc6d4b" outcome="Passed" testListId="8c84fa94-04c1-424b-9868-57a2d4851a1d" relativeResultsDirectory="ae7e87c8-f74d-4b9c-8b09-e54a15eac30a">
      <Output>
        <StdOut>✓ Navigation link found: Dashboard&#xD;
⚠ Navigation link not found: Quotes&#xD;
⚠ Navigation link not found: Invoices&#xD;
⚠ Navigation link not found: Purchase Orders&#xD;
⚠ Navigation link not found: Job Orders&#xD;
⚠ Navigation link not found: Contacts&#xD;
⚠ Navigation link not found: Companies&#xD;
⚠ Navigation link not found: Products&#xD;
⚠ Navigation link not found: Reports&#xD;
Screenshot saved: C:\Development\Techlight-Projects\Techlight.digitalresponse.com.au\tests\MyDesk.PlaywrightTests\bin\Debug\net8.0\screenshots\Navigation_Menu_20260423_115556.png</StdOut>
      </Output>
    </UnitTestResult>
    <UnitTestResult executionId="0cb6e9d5-9cb7-4fa2-89eb-4fcfdc026c17" testId="33934287-a5dd-4067-2d98-86970ec19877" testName="Navigation_To_Companies_Works" computerName="PB-LEGION" duration="00:00:06.4415710" startTime="2026-04-23T11:55:05.0586644+10:00" endTime="2026-04-23T11:55:11.5002348+10:00" testType="13cdc9d9-ddb5-4fa4-a97d-d965ccfc6d4b" outcome="Failed" testListId="8c84fa94-04c1-424b-9868-57a2d4851a1d" relativeResultsDirectory="0cb6e9d5-9cb7-4fa2-89eb-4fcfdc026c17">
      <Output>
        <ErrorInfo>
          <Message>  Company list should be visible&#xD;
  Expected: not null&#xD;
  But was:  null&#xD;
</Message>
          <StackTrace>   at MyDesk.PlaywrightTests.Tests.NavigationTests.Navigation_To_Companies_Works() in C:\Development\Techlight-Projects\Techlight.digitalresponse.com.au\tests\MyDesk.PlaywrightTests\Tests\NavigationTests.cs:line 112&#xD;
   at NUnit.Framework.Internal.TaskAwaitAdapter.GenericAdapter`1.BlockUntilCompleted()&#xD;
   at NUnit.Framework.Internal.MessagePumpStrategy.NoMessagePumpStrategy.WaitForCompletion(AwaitAdapter awaiter)&#xD;
   at NUnit.Framework.Internal.AsyncToSyncAdapter.Await(Func`1 invoke)&#xD;
   at NUnit.Framework.Internal.Commands.TestMethodCommand.RunTestMethod(TestExecutionContext context)&#xD;
   at NUnit.Framework.Internal.Commands.TestMethodCommand.Execute(TestExecutionContext context)&#xD;
   at NUnit.Framework.Internal.Commands.BeforeAndAfterTestCommand.&lt;&gt;c__DisplayClass1_0.&lt;Execute&gt;b__0()&#xD;
   at NUnit.Framework.Internal.Commands.DelegatingTestCommand.RunTestMethodInThreadAbortSafeZone(TestExecutionContext context, Action action)&#xD;

1)    at MyDesk.PlaywrightTests.Tests.NavigationTests.Navigation_To_Companies_Works() in C:\Development\Techlight-Projects\Techlight.digitalresponse.com.au\tests\MyDesk.PlaywrightTests\Tests\NavigationTests.cs:line 112&#xD;

</StackTrace>
        </ErrorInfo>
      </Output>
    </UnitTestResult>
    <UnitTestResult executionId="62989ee8-9c7a-41fc-ad55-479f751e3d54" testId="5b293684-db6f-0f80-82ea-cdbd0a32f84d" testName="JobOrder_Details_Shows_Workflow_Status" computerName="PB-LEGION" duration="00:00:06.3630960" startTime="2026-04-23T11:53:22.2573586+10:00" endTime="2026-04-23T11:53:28.6204544+10:00" testType="13cdc9d9-ddb5-4fa4-a97d-d965ccfc6d4b" outcome="NotExecuted" testListId="8c84fa94-04c1-424b-9868-57a2d4851a1d" relativeResultsDirectory="62989ee8-9c7a-41fc-ad55-479f751e3d54">
      <Output>
        <StdOut>No job orders available to view details</StdOut>
        <ErrorInfo>
          <Message>No job orders available to view details</Message>
        </ErrorInfo>
      </Output>
    </UnitTestResult>
    <UnitTestResult executionId="6fb41359-9d3b-49c5-ae61-e01ef7cd052b" testId="7952e8b6-a144-3089-721b-7bfc5ab1c468" testName="Create_Product_Page_Loads" computerName="PB-LEGION" duration="00:00:06.4001240" startTime="2026-04-23T11:56:03.0311929+10:00" endTime="2026-04-23T11:56:09.4313163+10:00" testType="13cdc9d9-ddb5-4fa4-a97d-d965ccfc6d4b" outcome="Failed" testListId="8c84fa94-04c1-424b-9868-57a2d4851a1d" relativeResultsDirectory="6fb41359-9d3b-49c5-ae61-e01ef7cd052b">
      <Output>
        <ErrorInfo>
          <Message>  Expected: String containing "New Product" or String containing "Create Product" or String containing "Product"&#xD;
  But was:  &lt;string.Empty&gt;&#xD;
</Message>
          <StackTrace>   at MyDesk.PlaywrightTests.Tests.ProductsTests.Create_Product_Page_Loads() in C:\Development\Techlight-Projects\Techlight.digitalresponse.com.au\tests\MyDesk.PlaywrightTests\Tests\ProductsTests.cs:line 36&#xD;
   at NUnit.Framework.Internal.TaskAwaitAdapter.GenericAdapter`1.BlockUntilCompleted()&#xD;
   at NUnit.Framework.Internal.MessagePumpStrategy.NoMessagePumpStrategy.WaitForCompletion(AwaitAdapter awaiter)&#xD;
   at NUnit.Framework.Internal.AsyncToSyncAdapter.Await(Func`1 invoke)&#xD;
   at NUnit.Framework.Internal.Commands.TestMethodCommand.RunTestMethod(TestExecutionContext context)&#xD;
   at NUnit.Framework.Internal.Commands.TestMethodCommand.Execute(TestExecutionContext context)&#xD;
   at NUnit.Framework.Internal.Commands.BeforeAndAfterTestCommand.&lt;&gt;c__DisplayClass1_0.&lt;Execute&gt;b__0()&#xD;
   at NUnit.Framework.Internal.Commands.DelegatingTestCommand.RunTestMethodInThreadAbortSafeZone(TestExecutionContext context, Action action)&#xD;

1)    at MyDesk.PlaywrightTests.Tests.ProductsTests.Create_Product_Page_Loads() in C:\Development\Techlight-Projects\Techlight.digitalresponse.com.au\tests\MyDesk.PlaywrightTests\Tests\ProductsTests.cs:line 36&#xD;

</StackTrace>
        </ErrorInfo>
      </Output>
    </UnitTestResult>
    <UnitTestResult executionId="3c4242e5-1f4e-4a9d-b4fc-e489add41027" testId="c1691e3a-d190-10a9-952d-15d341ffa1fa" testName="Profile_Page_Loads" computerName="PB-LEGION" duration="00:00:06.3264490" startTime="2026-04-23T11:56:48.3884978+10:00" endTime="2026-04-23T11:56:54.7149468+10:00" testType="13cdc9d9-ddb5-4fa4-a97d-d965ccfc6d4b" outcome="Failed" testListId="8c84fa94-04c1-424b-9868-57a2d4851a1d" relativeResultsDirectory="3c4242e5-1f4e-4a9d-b4fc-e489add41027">
      <Output>
        <ErrorInfo>
          <Message>  Expected: String containing "Profile" or String containing "My Profile" or String containing "User Profile"&#xD;
  But was:  "Login - MyDesk"&#xD;
</Message>
          <StackTrace>   at MyDesk.PlaywrightTests.Tests.ProfileTests.Profile_Page_Loads() in C:\Development\Techlight-Projects\Techlight.digitalresponse.com.au\tests\MyDesk.PlaywrightTests\Tests\ProfileTests.cs:line 21&#xD;
   at NUnit.Framework.Internal.TaskAwaitAdapter.GenericAdapter`1.BlockUntilCompleted()&#xD;
   at NUnit.Framework.Internal.MessagePumpStrategy.NoMessagePumpStrategy.WaitForCompletion(AwaitAdapter awaiter)&#xD;
   at NUnit.Framework.Internal.AsyncToSyncAdapter.Await(Func`1 invoke)&#xD;
   at NUnit.Framework.Internal.Commands.TestMethodCommand.RunTestMethod(TestExecutionContext context)&#xD;
   at NUnit.Framework.Internal.Commands.TestMethodCommand.Execute(TestExecutionContext context)&#xD;
   at NUnit.Framework.Internal.Commands.BeforeAndAfterTestCommand.&lt;&gt;c__DisplayClass1_0.&lt;Execute&gt;b__0()&#xD;
   at NUnit.Framework.Internal.Commands.DelegatingTestCommand.RunTestMethodInThreadAbortSafeZone(TestExecutionContext context, Action action)&#xD;

1)    at MyDesk.PlaywrightTests.Tests.ProfileTests.Profile_Page_Loads() in C:\Development\Techlight-Projects\Techlight.digitalresponse.com.au\tests\MyDesk.PlaywrightTests\Tests\ProfileTests.cs:line 21&#xD;

</StackTrace>
        </ErrorInfo>
      </Output>
    </UnitTestResult>
    <UnitTestResult executionId="fb261b22-2893-453e-8321-1558777a684e" testId="505dc284-ab42-5219-1386-bb797fcf018b" testName="Logout_Works_Correctly" computerName="PB-LEGION" duration="00:00:06.2338450" startTime="2026-04-23T11:54:52.3536457+10:00" endTime="2026-04-23T11:54:58.5874898+10:00" testType="13cdc9d9-ddb5-4fa4-a97d-d965ccfc6d4b" outcome="NotExecuted" testListId="8c84fa94-04c1-424b-9868-57a2d4851a1d" relativeResultsDirectory="fb261b22-2893-453e-8321-1558777a684e">
      <Output>
        <StdOut>Logout button not found - may not be implemented yet</StdOut>
        <ErrorInfo>
          <Message>Logout button not found - may not be implemented yet</Message>
        </ErrorInfo>
      </Output>
    </UnitTestResult>
    <UnitTestResult executionId="5457e81d-2958-47d8-aa1e-7525a000e8e5" testId="ba8cb170-867d-2e6d-2d12-de280faff588" testName="Navigation_To_Invoices_Works" computerName="PB-LEGION" duration="00:00:06.7475760" startTime="2026-04-23T11:55:17.9588780+10:00" endTime="2026-04-23T11:55:24.7064537+10:00" testType="13cdc9d9-ddb5-4fa4-a97d-d965ccfc6d4b" outcome="Passed" testListId="8c84fa94-04c1-424b-9868-57a2d4851a1d" relativeResultsDirectory="5457e81d-2958-47d8-aa1e-7525a000e8e5">
      <Output>
        <StdOut>Screenshot saved: C:\Development\Techlight-Projects\Techlight.digitalresponse.com.au\tests\MyDesk.PlaywrightTests\bin\Debug\net8.0\screenshots\Navigation_Invoices_20260423_115524.png</StdOut>
      </Output>
    </UnitTestResult>
    <UnitTestResult executionId="0e382c61-7096-4c46-96ac-9d66245c2dc2" testId="afb99a03-2897-d4f7-8a38-953c6ad627c5" testName="Contact_Search_Works" computerName="PB-LEGION" duration="00:00:06.5615260" startTime="2026-04-23T11:51:16.2036254+10:00" endTime="2026-04-23T11:51:22.7651509+10:00" testType="13cdc9d9-ddb5-4fa4-a97d-d965ccfc6d4b" outcome="NotExecuted" testListId="8c84fa94-04c1-424b-9868-57a2d4851a1d" relativeResultsDirectory="0e382c61-7096-4c46-96ac-9d66245c2dc2">
      <Output>
        <StdOut>Search input not found on contacts page</StdOut>
        <ErrorInfo>
          <Message>Search input not found on contacts page</Message>
        </ErrorInfo>
      </Output>
    </UnitTestResult>
    <UnitTestResult executionId="cb45c570-e032-4fa1-812d-960be7ec448f" testId="55348be4-6fec-ba1a-f2fb-a969cd2cbb41" testName="Invoice_Payment_Status_Visible" computerName="PB-LEGION" duration="00:00:06.5932920" startTime="2026-04-23T11:53:02.5768956+10:00" endTime="2026-04-23T11:53:09.1701867+10:00" testType="13cdc9d9-ddb5-4fa4-a97d-d965ccfc6d4b" outcome="NotExecuted" testListId="8c84fa94-04c1-424b-9868-57a2d4851a1d" relativeResultsDirectory="cb45c570-e032-4fa1-812d-960be7ec448f">
      <Output>
        <StdOut>No payment status indicators visible - may need data</StdOut>
        <ErrorInfo>
          <Message>No payment status indicators visible - may need data</Message>
        </ErrorInfo>
      </Output>
    </UnitTestResult>
    <UnitTestResult executionId="f5aa5ebf-979c-471a-bfd6-155d5d554904" testId="96da9c57-d245-f788-1bd9-cbd2f72e4647" testName="Complete_Sales_Workflow_Create_Quote_To_Invoice" computerName="PB-LEGION" duration="00:00:06.5993780" startTime="2026-04-23T11:52:29.1169424+10:00" endTime="2026-04-23T11:52:35.7163198+10:00" testType="13cdc9d9-ddb5-4fa4-a97d-d965ccfc6d4b" outcome="Passed" testListId="8c84fa94-04c1-424b-9868-57a2d4851a1d" relativeResultsDirectory="f5aa5ebf-979c-471a-bfd6-155d5d554904">
      <Output>
        <StdOut>=== Starting Sales Workflow Test ===&#xD;
Step 1: Creating new quote...&#xD;
Screenshot saved: C:\Development\Techlight-Projects\Techlight.digitalresponse.com.au\tests\MyDesk.PlaywrightTests\bin\Debug\net8.0\screenshots\E2E_Quote_Created_20260423_115235.png&#xD;
Quote created successfully&#xD;
Quote URL: http://localhost:5235/quotes/create&#xD;
=== Sales Workflow Test Complete ===</StdOut>
      </Output>
    </UnitTestResult>
    <UnitTestResult executionId="95f67e21-4ddd-4d3c-a8e0-8d2be911d1c2" testId="f69c6bc9-8c46-06cc-f15c-035143ffa5aa" testName="Product_Category_Filter_Works" computerName="PB-LEGION" duration="00:00:06.4088260" startTime="2026-04-23T11:56:09.4313472+10:00" endTime="2026-04-23T11:56:15.8401730+10:00" testType="13cdc9d9-ddb5-4fa4-a97d-d965ccfc6d4b" outcome="NotExecuted" testListId="8c84fa94-04c1-424b-9868-57a2d4851a1d" relativeResultsDirectory="95f67e21-4ddd-4d3c-a8e0-8d2be911d1c2">
      <Output>
        <StdOut>Category filter not found</StdOut>
        <ErrorInfo>
          <Message>Category filter not found</Message>
        </ErrorInfo>
      </Output>
    </UnitTestResult>
    <UnitTestResult executionId="e4d7a9dd-a77d-4e8e-bc93-82f773396740" testId="c8c229c8-e605-8a34-02f5-c9edc9cc9caf" testName="Quote_Status_Badge_Visible" computerName="PB-LEGION" duration="00:00:08.1276879" startTime="2026-04-23T11:58:09.1139250+10:00" endTime="2026-04-23T11:58:17.2416127+10:00" testType="13cdc9d9-ddb5-4fa4-a97d-d965ccfc6d4b" outcome="NotExecuted" testListId="8c84fa94-04c1-424b-9868-57a2d4851a1d" relativeResultsDirectory="e4d7a9dd-a77d-4e8e-bc93-82f773396740">
      <Output>
        <StdOut>No status badges visible - may need data or different selector</StdOut>
        <ErrorInfo>
          <Message>No status badges visible - may need data or different selector</Message>
        </ErrorInfo>
      </Output>
    </UnitTestResult>
    <UnitTestResult executionId="850c6cf5-ce3b-4758-b70b-e6f1a098ebbe" testId="38a0e6ee-9bd9-4ced-eb21-f013ad60c868" testName="Login_Page_Loads_Successfully" computerName="PB-LEGION" duration="00:00:05.3235930" startTime="2026-04-23T11:53:53.6784183+10:00" endTime="2026-04-23T11:53:59.0020112+10:00" testType="13cdc9d9-ddb5-4fa4-a97d-d965ccfc6d4b" outcome="Failed" testListId="8c84fa94-04c1-424b-9868-57a2d4851a1d" relativeResultsDirectory="850c6cf5-ce3b-4758-b70b-e6f1a098ebbe">
      <Output>
        <ErrorInfo>
          <Message>  Submit button should exist&#xD;
  Expected: not null&#xD;
  But was:  null&#xD;
</Message>
          <StackTrace>   at MyDesk.PlaywrightTests.Tests.LoginTests.Login_Page_Loads_Successfully() in C:\Development\Techlight-Projects\Techlight.digitalresponse.com.au\tests\MyDesk.PlaywrightTests\Tests\LoginTests.cs:line 25&#xD;
   at NUnit.Framework.Internal.TaskAwaitAdapter.GenericAdapter`1.BlockUntilCompleted()&#xD;
   at NUnit.Framework.Internal.MessagePumpStrategy.NoMessagePumpStrategy.WaitForCompletion(AwaitAdapter awaiter)&#xD;
   at NUnit.Framework.Internal.AsyncToSyncAdapter.Await(Func`1 invoke)&#xD;
   at NUnit.Framework.Internal.Commands.TestMethodCommand.RunTestMethod(TestExecutionContext context)&#xD;
   at NUnit.Framework.Internal.Commands.TestMethodCommand.Execute(TestExecutionContext context)&#xD;
   at NUnit.Framework.Internal.Commands.BeforeAndAfterTestCommand.&lt;&gt;c__DisplayClass1_0.&lt;Execute&gt;b__0()&#xD;
   at NUnit.Framework.Internal.Commands.DelegatingTestCommand.RunTestMethodInThreadAbortSafeZone(TestExecutionContext context, Action action)&#xD;

1)    at MyDesk.PlaywrightTests.Tests.LoginTests.Login_Page_Loads_Successfully() in C:\Development\Techlight-Projects\Techlight.digitalresponse.com.au\tests\MyDesk.PlaywrightTests\Tests\LoginTests.cs:line 25&#xD;

</StackTrace>
        </ErrorInfo>
      </Output>
    </UnitTestResult>
[...]
    <TestEntry testId="48fc131a-b7df-a675-1bd3-c314639b9f33" executionId="2825e46c-7d69-4757-9486-2fc0bbb1b630" testListId="8c84fa94-04c1-424b-9868-57a2d4851a1d" />
    <TestEntry testId="20b9d758-c5df-a1cb-f1c1-4e0968d1ff0c" executionId="af843720-a241-4c64-981b-9ede619f26a9" testListId="8c84fa94-04c1-424b-9868-57a2d4851a1d" />
    <TestEntry testId="e6682ff3-5991-8532-c1c8-f52b5a564220" executionId="6b266e66-eedc-4d8b-b9b9-bed14918aa6a" testListId="8c84fa94-04c1-424b-9868-57a2d4851a1d" />
    <TestEntry testId="ddb3bc2c-04f2-6076-daae-12514f126ed2" executionId="a2d0eb9f-570e-4fba-9172-45b086250adb" testListId="8c84fa94-04c1-424b-9868-57a2d4851a1d" />
    <TestEntry testId="28352991-fa2d-2e80-8937-fc21c1029f91" executionId="fd4dcc66-8e50-4183-a64a-cc4aa0eac400" testListId="8c84fa94-04c1-424b-9868-57a2d4851a1d" />
    <TestEntry testId="caec8417-d98a-a018-6e93-1c7f40aa0e4f" executionId="67f2c09a-d2fb-4ecc-90b5-9162825372cb" testListId="8c84fa94-04c1-424b-9868-57a2d4851a1d" />
    <TestEntry testId="50e0ec38-e0f6-fe83-c55d-b9b165a1116c" executionId="2878ebe7-569b-428d-9b5e-4b7026063c37" testListId="8c84fa94-04c1-424b-9868-57a2d4851a1d" />
    <TestEntry testId="d4c1c1db-91ab-865f-d1c4-477a83b55031" executionId="602dd29f-bf9b-43d6-9fdc-2540f5065895" testListId="8c84fa94-04c1-424b-9868-57a2d4851a1d" />
    <TestEntry testId="b4c12a82-09f5-d521-5f94-b54ad29b83f9" executionId="c918b890-21f9-42fa-ab48-a23d7f89482f" testListId="8c84fa94-04c1-424b-9868-57a2d4851a1d" />
    <TestEntry testId="92ab84d0-8a6e-3b82-cc98-9c2637aaf2ae" executionId="cd5ea5e4-e0f9-491f-9379-e0731ff6a8bb" testListId="8c84fa94-04c1-424b-9868-57a2d4851a1d" />
    <TestEntry testId="d8d8da52-dd30-0263-fbe2-83511c3a1494" executionId="e5c10cb4-d7ea-4f85-8598-582ffc386853" testListId="8c84fa94-04c1-424b-9868-57a2d4851a1d" />
    <TestEntry testId="ebd4e7c0-6cb5-b4c4-ba37-feb987e2a516" executionId="e4473fc6-4250-4522-a171-c0b66dfc8d74" testListId="8c84fa94-04c1-424b-9868-57a2d4851a1d" />
    <TestEntry testId="e4d83f7c-1a87-6c6e-9042-a679e4dc1fa7" executionId="a6a1a4ef-1a0b-4068-a561-a2dc02614258" testListId="8c84fa94-04c1-424b-9868-57a2d4851a1d" />
    <TestEntry testId="66e34f99-cdaa-965d-3370-30e5062674d8" executionId="44e57cc6-4ebd-432f-8e3a-9a8e640a9fbd" testListId="8c84fa94-04c1-424b-9868-57a2d4851a1d" />
    <TestEntry testId="360880a0-a405-b37e-c80f-7d5665583230" executionId="2bb135d0-90a8-45a8-a916-23ddf55b61fb" testListId="8c84fa94-04c1-424b-9868-57a2d4851a1d" />
    <TestEntry testId="7bf703d8-2803-ee8e-4f4b-ea6bb20f58bb" executionId="2a0879d4-af5b-4991-b7f6-4736e97eecc3" testListId="8c84fa94-04c1-424b-9868-57a2d4851a1d" />
    <TestEntry testId="72d8077b-b2b3-e92f-6c7e-be9dcef5f77a" executionId="58f73824-9bcd-44ca-b046-2654eb00f09f" testListId="8c84fa94-04c1-424b-9868-57a2d4851a1d" />
    <TestEntry testId="103f72a3-0dc9-d9a7-5f43-81c648b05939" executionId="e2eea641-9e36-41f8-b7f6-8fa35637e0ae" testListId="8c84fa94-04c1-424b-9868-57a2d4851a1d" />
    <TestEntry testId="89da2dbf-08e9-7329-0273-6bfec0a358be" executionId="ae7e87c8-f74d-4b9c-8b09-e54a15eac30a" testListId="8c84fa94-04c1-424b-9868-57a2d4851a1d" />
    <TestEntry testId="33934287-a5dd-4067-2d98-86970ec19877" executionId="0cb6e9d5-9cb7-4fa2-89eb-4fcfdc026c17" testListId="8c84fa94-04c1-424b-9868-57a2d4851a1d" />
    <TestEntry testId="5b293684-db6f-0f80-82ea-cdbd0a32f84d" executionId="62989ee8-9c7a-41fc-ad55-479f751e3d54" testListId="8c84fa94-04c1-424b-9868-57a2d4851a1d" />
    <TestEntry testId="7952e8b6-a144-3089-721b-7bfc5ab1c468" executionId="6fb41359-9d3b-49c5-ae61-e01ef7cd052b" testListId="8c84fa94-04c1-424b-9868-57a2d4851a1d" />
    <TestEntry testId="c1691e3a-d190-10a9-952d-15d341ffa1fa" executionId="3c4242e5-1f4e-4a9d-b4fc-e489add41027" testListId="8c84fa94-04c1-424b-9868-57a2d4851a1d" />
    <TestEntry testId="505dc284-ab42-5219-1386-bb797fcf018b" executionId="fb261b22-2893-453e-8321-1558777a684e" testListId="8c84fa94-04c1-424b-9868-57a2d4851a1d" />
    <TestEntry testId="ba8cb170-867d-2e6d-2d12-de280faff588" executionId="5457e81d-2958-47d8-aa1e-7525a000e8e5" testListId="8c84fa94-04c1-424b-9868-57a2d4851a1d" />
    <TestEntry testId="afb99a03-2897-d4f7-8a38-953c6ad627c5" executionId="0e382c61-7096-4c46-96ac-9d66245c2dc2" testListId="8c84fa94-04c1-424b-9868-57a2d4851a1d" />
    <TestEntry testId="55348be4-6fec-ba1a-f2fb-a969cd2cbb41" executionId="cb45c570-e032-4fa1-812d-960be7ec448f" testListId="8c84fa94-04c1-424b-9868-57a2d4851a1d" />
    <TestEntry testId="96da9c57-d245-f788-1bd9-cbd2f72e4647" executionId="f5aa5ebf-979c-471a-bfd6-155d5d554904" testListId="8c84fa94-04c1-424b-9868-57a2d4851a1d" />
    <TestEntry testId="f69c6bc9-8c46-06cc-f15c-035143ffa5aa" executionId="95f67e21-4ddd-4d3c-a8e0-8d2be911d1c2" testListId="8c84fa94-04c1-424b-9868-57a2d4851a1d" />
    <TestEntry testId="c8c229c8-e605-8a34-02f5-c9edc9cc9caf" executionId="e4d7a9dd-a77d-4e8e-bc93-82f773396740" testListId="8c84fa94-04c1-424b-9868-57a2d4851a1d" />
    <TestEntry testId="38a0e6ee-9bd9-4ced-eb21-f013ad60c868" executionId="850c6cf5-ce3b-4758-b70b-e6f1a098ebbe" testListId="8c84fa94-04c1-424b-9868-57a2d4851a1d" />
    <TestEntry testId="139574b6-d845-2da9-cbbf-9e5e1299382d" executionId="cbc862fb-de8e-4b5e-aaaa-e61f7c88a3da" testListId="8c84fa94-04c1-424b-9868-57a2d4851a1d" />
    <TestEntry testId="05c187de-d2d9-42d6-1bc1-248edd6930eb" executionId="eae9003d-c0d9-4454-a7d7-0600e7b7e681" testListId="8c84fa94-04c1-424b-9868-57a2d4851a1d" />
    <TestEntry testId="dd545e92-3269-3244-9465-17a964c70115" executionId="30ef853a-bade-4552-a8ea-e4aa09beb43d" testListId="8c84fa94-04c1-424b-9868-57a2d4851a1d" />
    <TestEntry testId="a8637d1c-faad-d51c-be26-f5d5ebdada41" executionId="7f9c1654-7779-43c0-b31e-b9f990ac22bb" testListId="8c84fa94-04c1-424b-9868-57a2d4851a1d" />
    <TestEntry testId="657b003b-a9b9-b5a2-5db3-366e6f2fdca4" executionId="cf4e234e-7ba2-43fa-906d-cb7c95c6cc33" testListId="8c84fa94-04c1-424b-9868-57a2d4851a1d" />
    <TestEntry testId="858dd19e-2ed3-e7c1-e3ee-d0c2257721d1" executionId="a069c54a-d801-4041-acff-532a80677dc6" testListId="8c84fa94-04c1-424b-9868-57a2d4851a1d" />
    <TestEntry testId="5e8bab9e-e7c6-5dfb-bc79-b8115972b498" executionId="827b305e-629f-41da-9b91-42278a7a80de" testListId="8c84fa94-04c1-424b-9868-57a2d4851a1d" />
    <TestEntry testId="6e052094-87d0-d9c3-ca7c-d20831f14d30" executionId="010ed3e6-bd35-451b-887c-c7e6db15a887" testListId="8c84fa94-04c1-424b-9868-57a2d4851a1d" />
    <TestEntry testId="2af08499-3992-d305-a8ed-b584486b9e18" executionId="eb671218-4ab2-4df6-b487-372ada553af8" testListId="8c84fa94-04c1-424b-9868-57a2d4851a1d" />
    <TestEntry testId="4635604c-0b31-ba27-5de6-b297fdc73dee" executionId="1a430691-3dd8-4635-993f-0752f3711fca" testListId="8c84fa94-04c1-424b-9868-57a2d4851a1d" />
    <TestEntry testId="89c5759b-967c-04b4-07c6-687c0b0e4881" executionId="4c7960f6-5a96-4c30-8cbe-013a8aeff9c5" testListId="8c84fa94-04c1-424b-9868-57a2d4851a1d" />
    <TestEntry testId="9c10802b-46a4-16bd-48f3-fbfa611c2ee8" executionId="b885328a-f684-4624-9953-ea7fb05dccca" testListId="8c84fa94-04c1-424b-9868-57a2d4851a1d" />
    <TestEntry testId="d60c771b-74ae-a041-c912-f83fc10d0337" executionId="008cfb84-f436-4bc8-834a-904f9c757fc9" testListId="8c84fa94-04c1-424b-9868-57a2d4851a1d" />
    <TestEntry testId="78fdbf4e-3188-0b80-a0c2-bc86287f6a12" executionId="781dcfa3-16e4-4893-85fd-a96f83c9ddef" testListId="8c84fa94-04c1-424b-9868-57a2d4851a1d" />
    <TestEntry testId="48c490d8-095d-a2c2-fe9d-8f1889f05aa2" executionId="642edaed-f8d5-4ba2-b445-8ec2ee91e607" testListId="8c84fa94-04c1-424b-9868-57a2d4851a1d" />
    <TestEntry testId="410cef00-ec91-367d-27de-41d426095c3f" executionId="91c10365-6afe-471b-9443-69d36a9c1f16" testListId="8c84fa94-04c1-424b-9868-57a2d4851a1d" />
    <TestEntry testId="ec94cafe-53c8-45df-d6d6-64729cce6ec3" executionId="97a2601a-5f88-4e7e-ac9a-b9e99aacb399" testListId="8c84fa94-04c1-424b-9868-57a2d4851a1d" />
    <TestEntry testId="62a1f699-2171-c17b-7857-4ad43e802720" executionId="29f218c7-b0a4-41dc-a250-f811fbefd1da" testListId="8c84fa94-04c1-424b-9868-57a2d4851a1d" />
    <TestEntry testId="8d9827cf-d0ec-af30-3357-4c6168b13818" executionId="05a2f7cf-24c5-4b8d-8dba-e50b08686d4b" testListId="8c84fa94-04c1-424b-9868-57a2d4851a1d" />
    <TestEntry testId="5a1ccff4-24c7-a001-86fb-bdc57fbe1c64" executionId="275a65f9-abc8-4711-8e7c-7f5abc83b727" testListId="8c84fa94-04c1-424b-9868-57a2d4851a1d" />
    <TestEntry testId="1463aeb4-25af-542b-7325-1e2931b3863e" executionId="886795af-df79-4dc9-8476-505ce1b5d94a" testListId="8c84fa94-04c1-424b-9868-57a2d4851a1d" />
    <TestEntry testId="180f1e01-81ff-22fc-cb17-5cfac10f0443" executionId="79887e4d-258c-48f7-b2a6-e7ee558dac45" testListId="8c84fa94-04c1-424b-9868-57a2d4851a1d" />
    <TestEntry testId="88e88fef-702e-5119-7c27-12747cddcbae" executionId="f46b032e-414b-44a5-9604-c6f75abe7b1e" testListId="8c84fa94-04c1-424b-9868-57a2d4851a1d" />
    <TestEntry testId="fad63339-64eb-4bf7-52ab-acd79533a80c" executionId="ca0aa100-7dfb-45cf-9c20-dbb9fc5c2226" testListId="8c84fa94-04c1-424b-9868-57a2d4851a1d" />
    <TestEntry testId="38a2610d-fa42-3efb-8b5b-6cac7ffd0f00" executionId="aec4afe9-6100-43cc-bc1d-b776cbfa2bee" testListId="8c84fa94-04c1-424b-9868-57a2d4851a1d" />
    <TestEntry testId="74ecad71-4f30-065e-0db4-4e3d04105a8d" executionId="b6c8d995-426e-4139-872b-e9c728a55672" testListId="8c84fa94-04c1-424b-9868-57a2d4851a1d" />
    <TestEntry testId="f3811195-a7f6-1de8-22b4-a89c2fe32203" executionId="182d42bf-e813-423e-b0d1-47fb8a57a465" testListId="8c84fa94-04c1-424b-9868-57a2d4851a1d" />
    <TestEntry testId="61b54f07-f765-eb57-0990-6b46aed3d76a" executionId="4e7f0f2f-b69a-4146-a0f8-3753d9ed1061" testListId="8c84fa94-04c1-424b-9868-57a2d4851a1d" />
    <TestEntry testId="ac0aa790-f9ff-f800-68b2-b2b6ce9d011e" executionId="a7849eaa-99d7-4393-b89d-430c07a392d1" testListId="8c84fa94-04c1-424b-9868-57a2d4851a1d" />
    <TestEntry testId="a782139c-18f3-e02a-d59b-965eca365a41" executionId="5cbcd57c-b99e-4efb-98ad-1afa9e203849" testListId="8c84fa94-04c1-424b-9868-57a2d4851a1d" />
    <TestEntry testId="161731b2-535e-cfcd-1993-640734da9699" executionId="7f17840b-8d01-4be1-8c13-5bbe724e3b2b" testListId="8c84fa94-04c1-424b-9868-57a2d4851a1d" />
    <TestEntry testId="19cb45b3-d7b3-065f-68d0-6cb9718bafe0" executionId="dcadfec8-cd35-435a-979b-cc8d40c9d15d" testListId="8c84fa94-04c1-424b-9868-57a2d4851a1d" />
    <TestEntry testId="6a497c8a-db0b-857a-6873-c7da87799e07" executionId="f3036798-1df2-4572-b46c-872c1ae9c0f0" testListId="8c84fa94-04c1-424b-9868-57a2d4851a1d" />
    <TestEntry testId="e4bea21c-8be2-c3ef-be0a-2c317abf20b2" executionId="9b16b1ec-17bf-453e-8856-e7d21d957042" testListId="8c84fa94-04c1-424b-9868-57a2d4851a1d" />
  </TestEntries>
  <TestLists>
    <TestList name="Results Not in a List" id="8c84fa94-04c1-424b-9868-57a2d4851a1d" />
    <TestList name="All Loaded Results" id="19431567-8539-422a-85d7-44ee4e166bda" />
  </TestLists>
  <ResultSummary outcome="Failed">
    <Counters total="77" executed="50" passed="11" failed="39" error="0" timeout="0" aborted="0" inconclusive="0" passedButRunAborted="0" notRunnable="0" notExecuted="0" disconnected="0" warning="0" completed="0" inProgress="0" pending="0" />
    <Output>
      <StdOut>NUnit Adapter 4.5.0.0: Test execution started&#xD;
Running all tests in C:\Development\Techlight-Projects\Techlight.digitalresponse.com.au\tests\MyDesk.PlaywrightTests\bin\Debug\net8.0\MyDesk.PlaywrightTests.dll&#xD;
   NUnit3TestExecutor discovered 77 of 77 NUnit test cases using Current Discovery mode, Non-Explicit run&#xD;
AskAI_Help_Suggestions_Visible: No suggestions or help text visible - may be minimal UI design&#xD;
Test 'AskAI_Help_Suggestions_Visible' was skipped in the test run.&#xD;
AskAI_Input_Accepts_Text: Input field not found&#xD;
Test 'AskAI_Input_Accepts_Text' was skipped in the test run.&#xD;
AskAI_Navigation_From_Header: Ask AI link not found in header - navigating directly&#xD;
Test 'AskAI_Navigation_From_Header' was skipped in the test run.&#xD;
AskAI_Send_Button_Enabled: Input field or send button not found&#xD;
Test 'AskAI_Send_Button_Enabled' was skipped in the test run.&#xD;
Company_Details_Page_Loads: No companies available to view details&#xD;
Test 'Company_Details_Page_Loads' was skipped in the test run.&#xD;
Contact_Details_Page_Loads: No contacts available to view details&#xD;
Test 'Contact_Details_Page_Loads' was skipped in the test run.&#xD;
Contact_Search_Works: Search input not found on contacts page&#xD;
Test 'Contact_Search_Works' was skipped in the test run.&#xD;
Invoice_Details_Page_Loads: No invoices available to view details&#xD;
Test 'Invoice_Details_Page_Loads' was skipped in the test run.&#xD;
Invoice_Filter_By_Date_Range: Date filter inputs not found&#xD;
Test 'Invoice_Filter_By_Date_Range' was skipped in the test run.&#xD;
Invoice_Payment_Status_Visible: No payment status indicators visible - may need data&#xD;
Test 'Invoice_Payment_Status_Visible' was skipped in the test run.&#xD;
Invoice_Print_Button_Available: No invoices available to check print functionality&#xD;
Test 'Invoice_Print_Button_Available' was skipped in the test run.&#xD;
JobOrder_Details_Shows_Workflow_Status: No job orders available to view details&#xD;
Test 'JobOrder_Details_Shows_Workflow_Status' was skipped in the test run.&#xD;
JobOrders_Filter_By_Status_Works: Status filter not found&#xD;
Test 'JobOrders_Filter_By_Status_Works' was skipped in the test run.&#xD;
Logout_Works_Correctly: Logout button not found - may not be implemented yet&#xD;
Test 'Logout_Works_Correctly' was skipped in the test run.&#xD;
Breadcrumb_Navigation_Works: Breadcrumb not found on page&#xD;
Test 'Breadcrumb_Navigation_Works' was skipped in the test run.&#xD;
Responsive_Navigation_Collapses_On_Mobile: Hamburger menu not found - may be using different responsive pattern&#xD;
Test 'Responsive_Navigation_Collapses_On_Mobile' was skipped in the test run.&#xD;
Product_Category_Filter_Works: Category filter not found&#xD;
Test 'Product_Category_Filter_Works' was skipped in the test run.&#xD;
Product_Details_Page_Loads: No products available to view details&#xD;
Test 'Product_Details_Page_Loads' was skipped in the test run.&#xD;
Product_Price_Visible: No products found in list&#xD;
Test 'Product_Price_Visible' was skipped in the test run.&#xD;
Profile_Edit_Button_Available: Edit button not found on profile page&#xD;
Test 'Profile_Edit_Button_Available' was skipped in the test run.&#xD;
PurchaseOrder_Approval_Status_Visible: No approval status indicators visible - may need data&#xD;
Test 'PurchaseOrder_Approval_Status_Visible' was skipped in the test run.&#xD;
PurchaseOrder_Details_Shows_Supplier_Info: No purchase orders available to view details&#xD;
Test 'PurchaseOrder_Details_Shows_Supplier_Info' was skipped in the test run.&#xD;
Create_Quote_Submit_Empty_Shows_Validation: Submit button not found&#xD;
Test 'Create_Quote_Submit_Empty_Shows_Validation' was skipped in the test run.&#xD;
Quote_Details_Page_Loads: No quotes available to view details&#xD;
Test 'Quote_Details_Page_Loads' was skipped in the test run.&#xD;
Quote_Edit_Page_Loads: No quotes available to edit&#xD;
Test 'Quote_Edit_Page_Loads' was skipped in the test run.&#xD;
Quote_Filter_Works: Search/filter input not found&#xD;
Test 'Quote_Filter_Works' was skipped in the test run.&#xD;
Quote_Status_Badge_Visible: No status badges visible - may need data or different selector&#xD;
Test 'Quote_Status_Badge_Visible' was skipped in the test run.&#xD;
NUnit Adapter 4.5.0.0: Test execution complete&#xD;
</StdOut>
    </Output>
    <RunInfos>
      <RunInfo computerName="PB-LEGION" outcome="Warning" timestamp="2026-04-23T11:49:42.8227241+10:00">
        <Text>Inputs with labels: 0/0&#xD;
</Text>
      </RunInfo>
      <RunInfo computerName="PB-LEGION" outcome="Warning" timestamp="2026-04-23T11:49:49.6017622+10:00">
        <Text>Images with alt text: 0/0&#xD;
</Text>
      </RunInfo>
      <RunInfo computerName="PB-LEGION" outcome="Warning" timestamp="2026-04-23T11:49:55.9723216+10:00">
        <Text>Accessible buttons: 0/0&#xD;
</Text>
      </RunInfo>
      <RunInfo computerName="PB-LEGION" outcome="Warning" timestamp="2026-04-23T11:50:02.7683731+10:00">
        <Text>Keyboard navigation test completed&#xD;
</Text>
      </RunInfo>
      <RunInfo computerName="PB-LEGION" outcome="Warning" timestamp="2026-04-23T11:52:29.1174008+10:00">
        <Text>=== Starting Purchase Order Workflow Test ===&#xD;
Step 1: Creating new purchase order...&#xD;
Screenshot saved: C:\Development\Techlight-Projects\Techlight.digitalresponse.com.au\tests\MyDesk.PlaywrightTests\bin\Debug\net8.0\screenshots\E2E_PO_Created_20260423_115228.png&#xD;
Purchase Order created successfully&#xD;
=== Purchase Order Workflow Test Complete ===&#xD;
</Text>
      </RunInfo>
      <RunInfo computerName="PB-LEGION" outcome="Warning" timestamp="2026-04-23T11:52:35.7169307+10:00">
        <Text>=== Starting Sales Workflow Test ===&#xD;
Step 1: Creating new quote...&#xD;
Screenshot saved: C:\Development\Techlight-Projects\Techlight.digitalresponse.com.au\tests\MyDesk.PlaywrightTests\bin\Debug\net8.0\screenshots\E2E_Quote_Created_20260423_115235.png&#xD;
Quote created successfully&#xD;
Quote URL: http://localhost:5235/quotes/create&#xD;
=== Sales Workflow Test Complete ===&#xD;
</Text>
      </RunInfo>
      <RunInfo computerName="PB-LEGION" outcome="Warning" timestamp="2026-04-23T11:52:42.7794416+10:00">
        <Text>=== Starting CRM Workflow Test ===&#xD;
Step 1: Creating new company...&#xD;
Screenshot saved: C:\Development\Techlight-Projects\Techlight.digitalresponse.com.au\tests\MyDesk.PlaywrightTests\bin\Debug\net8.0\screenshots\E2E_Company_Created_20260423_115241.png&#xD;
Company created successfully&#xD;
Step 2: Creating new contact...&#xD;
Screenshot saved: C:\Development\Techlight-Projects\Techlight.digitalresponse.com.au\tests\MyDesk.PlaywrightTests\bin\Debug\net8.0\screenshots\E2E_Contact_Created_20260423_115242.png&#xD;
Contact created successfully&#xD;
=== CRM Workflow Test Complete ===&#xD;
</Text>
      </RunInfo>
      <RunInfo computerName="PB-LEGION" outcome="Warning" timestamp="2026-04-23T11:55:24.7068960+10:00">
        <Text>Screenshot saved: C:\Development\Techlight-Projects\Techlight.digitalresponse.com.au\tests\MyDesk.PlaywrightTests\bin\Debug\net8.0\screenshots\Navigation_Invoices_20260423_115524.png&#xD;
</Text>
      </RunInfo>
      <RunInfo computerName="PB-LEGION" outcome="Warning" timestamp="2026-04-23T11:55:37.9187345+10:00">
        <Text>Screenshot saved: C:\Development\Techlight-Projects\Techlight.digitalresponse.com.au\tests\MyDesk.PlaywrightTests\bin\Debug\net8.0\screenshots\Navigation_Quotes_20260423_115537.png&#xD;
</Text>
      </RunInfo>
      <RunInfo computerName="PB-LEGION" outcome="Warning" timestamp="2026-04-23T11:55:57.2535969+10:00">
        <Text>✓ Navigation link found: Dashboard&#xD;
⚠ Navigation link not found: Quotes&#xD;
⚠ Navigation link not found: Invoices&#xD;
⚠ Navigation link not found: Purchase Orders&#xD;
⚠ Navigation link not found: Job Orders&#xD;
⚠ Navigation link not found: Contacts&#xD;
⚠ Navigation link not found: Companies&#xD;
⚠ Navigation link not found: Products&#xD;
⚠ Navigation link not found: Reports&#xD;
Screenshot saved: C:\Development\Techlight-Projects\Techlight.digitalresponse.com.au\tests\MyDesk.PlaywrightTests\bin\Debug\net8.0\screenshots\Navigation_Menu_20260423_115556.png&#xD;
</Text>
      </RunInfo>
      <RunInfo computerName="PB-LEGION" outcome="Warning" timestamp="2026-04-23T11:57:01.3010575+10:00">
        <Text>User name displayed: MyDesk&#xD;
Screenshot saved: C:\Development\Techlight-Projects\Techlight.digitalresponse.com.au\tests\MyDesk.PlaywrightTests\bin\Debug\net8.0\screenshots\Profile_User_Info_20260423_115700.png&#xD;
</Text>
      </RunInfo>
    </RunInfos>
  </ResultSummary>
</TestRun>